16-Nov-2017 13:39:14.233 INFO [main] org.apache.catalina.startup.VersionLoggerListener.log Server version:        Apache Tomcat/8.5.23
16-Nov-2017 13:39:14.254 INFO [main] org.apache.catalina.startup.VersionLoggerListener.log Server built:          Sep 28 2017 10:30:11 UTC
16-Nov-2017 13:39:14.254 INFO [main] org.apache.catalina.startup.VersionLoggerListener.log Server number:         8.5.23.0
16-Nov-2017 13:39:14.255 INFO [main] org.apache.catalina.startup.VersionLoggerListener.log OS Name:               Linux
16-Nov-2017 13:39:14.255 INFO [main] org.apache.catalina.startup.VersionLoggerListener.log OS Version:            4.4.0-97-generic
16-Nov-2017 13:39:14.255 INFO [main] org.apache.catalina.startup.VersionLoggerListener.log Architecture:          amd64
16-Nov-2017 13:39:14.255 INFO [main] org.apache.catalina.startup.VersionLoggerListener.log Java Home:             /home/likewise-open/ZOHOCORP/naran-3387/Softwares/Languages/java/jdk1.8.0_40/jre
16-Nov-2017 13:39:14.255 INFO [main] org.apache.catalina.startup.VersionLoggerListener.log JVM Version:           1.8.0_40-b25
16-Nov-2017 13:39:14.255 INFO [main] org.apache.catalina.startup.VersionLoggerListener.log JVM Vendor:            Oracle Corporation
16-Nov-2017 13:39:14.255 INFO [main] org.apache.catalina.startup.VersionLoggerListener.log CATALINA_BASE:         /home/likewise-open/ZOHOCORP/naran-3387/Documents/Labs/ZCode/tcp_proxy/tcp2https/apache-tomcat-8.5.23
16-Nov-2017 13:39:14.255 INFO [main] org.apache.catalina.startup.VersionLoggerListener.log CATALINA_HOME:         /home/likewise-open/ZOHOCORP/naran-3387/Documents/Labs/ZCode/tcp_proxy/tcp2https/apache-tomcat-8.5.23
16-Nov-2017 13:39:14.255 INFO [main] org.apache.catalina.startup.VersionLoggerListener.log Command line argument: -Djava.util.logging.config.file=/home/likewise-open/ZOHOCORP/naran-3387/Documents/Labs/ZCode/tcp_proxy/tcp2https/apache-tomcat-8.5.23/conf/logging.properties
16-Nov-2017 13:39:14.256 INFO [main] org.apache.catalina.startup.VersionLoggerListener.log Command line argument: -Djava.util.logging.manager=org.apache.juli.ClassLoaderLogManager
16-Nov-2017 13:39:14.256 INFO [main] org.apache.catalina.startup.VersionLoggerListener.log Command line argument: -Djdk.tls.ephemeralDHKeySize=2048
16-Nov-2017 13:39:14.256 INFO [main] org.apache.catalina.startup.VersionLoggerListener.log Command line argument: -Djava.protocol.handler.pkgs=org.apache.catalina.webresources
16-Nov-2017 13:39:14.256 INFO [main] org.apache.catalina.startup.VersionLoggerListener.log Command line argument: -Dcatalina.base=/home/likewise-open/ZOHOCORP/naran-3387/Documents/Labs/ZCode/tcp_proxy/tcp2https/apache-tomcat-8.5.23
16-Nov-2017 13:39:14.256 INFO [main] org.apache.catalina.startup.VersionLoggerListener.log Command line argument: -Dcatalina.home=/home/likewise-open/ZOHOCORP/naran-3387/Documents/Labs/ZCode/tcp_proxy/tcp2https/apache-tomcat-8.5.23
16-Nov-2017 13:39:14.256 INFO [main] org.apache.catalina.startup.VersionLoggerListener.log Command line argument: -Djava.io.tmpdir=/home/likewise-open/ZOHOCORP/naran-3387/Documents/Labs/ZCode/tcp_proxy/tcp2https/apache-tomcat-8.5.23/temp
16-Nov-2017 13:39:14.256 INFO [main] org.apache.catalina.core.AprLifecycleListener.lifecycleEvent The APR based Apache Tomcat Native library which allows optimal performance in production environments was not found on the java.library.path: [/usr/java/packages/lib/amd64:/usr/lib64:/lib64:/lib:/usr/lib]
16-Nov-2017 13:39:14.438 INFO [main] org.apache.coyote.AbstractProtocol.init Initializing ProtocolHandler ["http-nio-7777"]
16-Nov-2017 13:39:14.457 INFO [main] org.apache.tomcat.util.net.NioSelectorPool.getSharedSelector Using a shared selector for servlet write/read
16-Nov-2017 13:39:14.460 INFO [main] org.apache.coyote.AbstractProtocol.init Initializing ProtocolHandler ["https-jsse-nio-8443"]
16-Nov-2017 13:39:14.893 SEVERE [main] org.apache.tomcat.util.net.SSLUtilBase.getStore Failed to load keystore type [JKS] with path [./.keystore] due to [/home/likewise-open/ZOHOCORP/naran-3387/Documents/Labs/ZCode/tcp_proxy/tcp2https/apache-tomcat-8.5.23/.keystore (No such file or directory)]
 java.io.FileNotFoundException: /home/likewise-open/ZOHOCORP/naran-3387/Documents/Labs/ZCode/tcp_proxy/tcp2https/apache-tomcat-8.5.23/.keystore (No such file or directory)
	at java.io.FileInputStream.open0(Native Method)
	at java.io.FileInputStream.open(FileInputStream.java:195)
	at java.io.FileInputStream.<init>(FileInputStream.java:138)
	at java.io.FileInputStream.<init>(FileInputStream.java:93)
	at sun.net.www.protocol.file.FileURLConnection.connect(FileURLConnection.java:90)
	at sun.net.www.protocol.file.FileURLConnection.getInputStream(FileURLConnection.java:188)
	at org.apache.tomcat.util.file.ConfigFileLoader.getInputStream(ConfigFileLoader.java:96)
	at org.apache.tomcat.util.net.SSLUtilBase.getStore(SSLUtilBase.java:132)
	at org.apache.tomcat.util.net.SSLHostConfigCertificate.getCertificateKeystore(SSLHostConfigCertificate.java:187)
	at org.apache.tomcat.util.net.jsse.JSSEUtil.getKeyManagers(JSSEUtil.java:183)
	at org.apache.tomcat.util.net.AbstractJsseEndpoint.createSSLContext(AbstractJsseEndpoint.java:113)
	at org.apache.tomcat.util.net.AbstractJsseEndpoint.initialiseSsl(AbstractJsseEndpoint.java:86)
	at org.apache.tomcat.util.net.NioEndpoint.bind(NioEndpoint.java:225)
	at org.apache.tomcat.util.net.AbstractEndpoint.init(AbstractEndpoint.java:982)
	at org.apache.tomcat.util.net.AbstractJsseEndpoint.init(AbstractJsseEndpoint.java:245)
	at org.apache.coyote.AbstractProtocol.init(AbstractProtocol.java:620)
	at org.apache.coyote.http11.AbstractHttp11Protocol.init(AbstractHttp11Protocol.java:66)
	at org.apache.catalina.connector.Connector.initInternal(Connector.java:997)
	at org.apache.catalina.util.LifecycleBase.init(LifecycleBase.java:107)
	at org.apache.catalina.core.StandardService.initInternal(StandardService.java:549)
	at org.apache.catalina.util.LifecycleBase.init(LifecycleBase.java:107)
	at org.apache.catalina.core.StandardServer.initInternal(StandardServer.java:875)
	at org.apache.catalina.util.LifecycleBase.init(LifecycleBase.java:107)
	at org.apache.catalina.startup.Catalina.load(Catalina.java:621)
	at org.apache.catalina.startup.Catalina.load(Catalina.java:644)
	at sun.reflect.NativeMethodAccessorImpl.invoke0(Native Method)
	at sun.reflect.NativeMethodAccessorImpl.invoke(NativeMethodAccessorImpl.java:62)
	at sun.reflect.DelegatingMethodAccessorImpl.invoke(DelegatingMethodAccessorImpl.java:43)
	at java.lang.reflect.Method.invoke(Method.java:497)
	at org.apache.catalina.startup.Bootstrap.load(Bootstrap.java:311)
	at org.apache.catalina.startup.Bootstrap.main(Bootstrap.java:494)

16-Nov-2017 13:39:14.894 SEVERE [main] org.apache.coyote.AbstractProtocol.init Failed to initialize end point associated with ProtocolHandler ["https-jsse-nio-8443"]
 java.lang.IllegalArgumentException: java.io.FileNotFoundException: /home/likewise-open/ZOHOCORP/naran-3387/Documents/Labs/ZCode/tcp_proxy/tcp2https/apache-tomcat-8.5.23/.keystore (No such file or directory)
	at org.apache.tomcat.util.net.AbstractJsseEndpoint.createSSLContext(AbstractJsseEndpoint.java:115)
	at org.apache.tomcat.util.net.AbstractJsseEndpoint.initialiseSsl(AbstractJsseEndpoint.java:86)
	at org.apache.tomcat.util.net.NioEndpoint.bind(NioEndpoint.java:225)
	at org.apache.tomcat.util.net.AbstractEndpoint.init(AbstractEndpoint.java:982)
	at org.apache.tomcat.util.net.AbstractJsseEndpoint.init(AbstractJsseEndpoint.java:245)
	at org.apache.coyote.AbstractProtocol.init(AbstractProtocol.java:620)
	at org.apache.coyote.http11.AbstractHttp11Protocol.init(AbstractHttp11Protocol.java:66)
	at org.apache.catalina.connector.Connector.initInternal(Connector.java:997)
	at org.apache.catalina.util.LifecycleBase.init(LifecycleBase.java:107)
	at org.apache.catalina.core.StandardService.initInternal(StandardService.java:549)
	at org.apache.catalina.util.LifecycleBase.init(LifecycleBase.java:107)
	at org.apache.catalina.core.StandardServer.initInternal(StandardServer.java:875)
	at org.apache.catalina.util.LifecycleBase.init(LifecycleBase.java:107)
	at org.apache.catalina.startup.Catalina.load(Catalina.java:621)
	at org.apache.catalina.startup.Catalina.load(Catalina.java:644)
	at sun.reflect.NativeMethodAccessorImpl.invoke0(Native Method)
	at sun.reflect.NativeMethodAccessorImpl.invoke(NativeMethodAccessorImpl.java:62)
	at sun.reflect.DelegatingMethodAccessorImpl.invoke(DelegatingMethodAccessorImpl.java:43)
	at java.lang.reflect.Method.invoke(Method.java:497)
	at org.apache.catalina.startup.Bootstrap.load(Bootstrap.java:311)
	at org.apache.catalina.startup.Bootstrap.main(Bootstrap.java:494)
Caused by: java.io.FileNotFoundException: /home/likewise-open/ZOHOCORP/naran-3387/Documents/Labs/ZCode/tcp_proxy/tcp2https/apache-tomcat-8.5.23/.keystore (No such file or directory)
	at java.io.FileInputStream.open0(Native Method)
	at java.io.FileInputStream.open(FileInputStream.java:195)
	at java.io.FileInputStream.<init>(FileInputStream.java:138)
	at java.io.FileInputStream.<init>(FileInputStream.java:93)
	at sun.net.www.protocol.file.FileURLConnection.connect(FileURLConnection.java:90)
	at sun.net.www.protocol.file.FileURLConnection.getInputStream(FileURLConnection.java:188)
	at org.apache.tomcat.util.file.ConfigFileLoader.getInputStream(ConfigFileLoader.java:96)
	at org.apache.tomcat.util.net.SSLUtilBase.getStore(SSLUtilBase.java:132)
	at org.apache.tomcat.util.net.SSLHostConfigCertificate.getCertificateKeystore(SSLHostConfigCertificate.java:187)
	at org.apache.tomcat.util.net.jsse.JSSEUtil.getKeyManagers(JSSEUtil.java:183)
	at org.apache.tomcat.util.net.AbstractJsseEndpoint.createSSLContext(AbstractJsseEndpoint.java:113)
	... 20 more

16-Nov-2017 13:39:14.895 SEVERE [main] org.apache.catalina.core.StandardService.initInternal Failed to initialize connector [Connector[HTTP/1.1-8443]]
 org.apache.catalina.LifecycleException: Failed to initialize component [Connector[HTTP/1.1-8443]]
	at org.apache.catalina.util.LifecycleBase.init(LifecycleBase.java:113)
	at org.apache.catalina.core.StandardService.initInternal(StandardService.java:549)
	at org.apache.catalina.util.LifecycleBase.init(LifecycleBase.java:107)
	at org.apache.catalina.core.StandardServer.initInternal(StandardServer.java:875)
	at org.apache.catalina.util.LifecycleBase.init(LifecycleBase.java:107)
	at org.apache.catalina.startup.Catalina.load(Catalina.java:621)
	at org.apache.catalina.startup.Catalina.load(Catalina.java:644)
	at sun.reflect.NativeMethodAccessorImpl.invoke0(Native Method)
	at sun.reflect.NativeMethodAccessorImpl.invoke(NativeMethodAccessorImpl.java:62)
	at sun.reflect.DelegatingMethodAccessorImpl.invoke(DelegatingMethodAccessorImpl.java:43)
	at java.lang.reflect.Method.invoke(Method.java:497)
	at org.apache.catalina.startup.Bootstrap.load(Bootstrap.java:311)
	at org.apache.catalina.startup.Bootstrap.main(Bootstrap.java:494)
Caused by: org.apache.catalina.LifecycleException: Protocol handler initialization failed
	at org.apache.catalina.connector.Connector.initInternal(Connector.java:1000)
	at org.apache.catalina.util.LifecycleBase.init(LifecycleBase.java:107)
	... 12 more
Caused by: java.lang.IllegalArgumentException: java.io.FileNotFoundException: /home/likewise-open/ZOHOCORP/naran-3387/Documents/Labs/ZCode/tcp_proxy/tcp2https/apache-tomcat-8.5.23/.keystore (No such file or directory)
	at org.apache.tomcat.util.net.AbstractJsseEndpoint.createSSLContext(AbstractJsseEndpoint.java:115)
	at org.apache.tomcat.util.net.AbstractJsseEndpoint.initialiseSsl(AbstractJsseEndpoint.java:86)
	at org.apache.tomcat.util.net.NioEndpoint.bind(NioEndpoint.java:225)
	at org.apache.tomcat.util.net.AbstractEndpoint.init(AbstractEndpoint.java:982)
	at org.apache.tomcat.util.net.AbstractJsseEndpoint.init(AbstractJsseEndpoint.java:245)
	at org.apache.coyote.AbstractProtocol.init(AbstractProtocol.java:620)
	at org.apache.coyote.http11.AbstractHttp11Protocol.init(AbstractHttp11Protocol.java:66)
	at org.apache.catalina.connector.Connector.initInternal(Connector.java:997)
	... 13 more
Caused by: java.io.FileNotFoundException: /home/likewise-open/ZOHOCORP/naran-3387/Documents/Labs/ZCode/tcp_proxy/tcp2https/apache-tomcat-8.5.23/.keystore (No such file or directory)
	at java.io.FileInputStream.open0(Native Method)
	at java.io.FileInputStream.open(FileInputStream.java:195)
	at java.io.FileInputStream.<init>(FileInputStream.java:138)
	at java.io.FileInputStream.<init>(FileInputStream.java:93)
	at sun.net.www.protocol.file.FileURLConnection.connect(FileURLConnection.java:90)
	at sun.net.www.protocol.file.FileURLConnection.getInputStream(FileURLConnection.java:188)
	at org.apache.tomcat.util.file.ConfigFileLoader.getInputStream(ConfigFileLoader.java:96)
	at org.apache.tomcat.util.net.SSLUtilBase.getStore(SSLUtilBase.java:132)
	at org.apache.tomcat.util.net.SSLHostConfigCertificate.getCertificateKeystore(SSLHostConfigCertificate.java:187)
	at org.apache.tomcat.util.net.jsse.JSSEUtil.getKeyManagers(JSSEUtil.java:183)
	at org.apache.tomcat.util.net.AbstractJsseEndpoint.createSSLContext(AbstractJsseEndpoint.java:113)
	... 20 more

16-Nov-2017 13:39:14.896 INFO [main] org.apache.coyote.AbstractProtocol.init Initializing ProtocolHandler ["ajp-nio-8009"]
16-Nov-2017 13:39:14.896 INFO [main] org.apache.tomcat.util.net.NioSelectorPool.getSharedSelector Using a shared selector for servlet write/read
16-Nov-2017 13:39:14.897 INFO [main] org.apache.catalina.startup.Catalina.load Initialization processed in 1097 ms
16-Nov-2017 13:39:14.931 INFO [main] org.apache.catalina.core.StandardService.startInternal Starting service [Catalina]
16-Nov-2017 13:39:14.931 INFO [main] org.apache.catalina.core.StandardEngine.startInternal Starting Servlet Engine: Apache Tomcat/8.5.23
16-Nov-2017 13:39:14.938 INFO [localhost-startStop-1] org.apache.catalina.startup.HostConfig.deployDirectory Deploying web application directory [/home/likewise-open/ZOHOCORP/naran-3387/Documents/Labs/ZCode/tcp_proxy/tcp2https/apache-tomcat-8.5.23/webapps/host-manager]
16-Nov-2017 13:39:15.029 WARNING [localhost-startStop-1] org.apache.tomcat.util.descriptor.DigesterFactory.locationFor The XML schema [web-jsptaglibrary_1_1.dtd] could not be found. This is very likely to break XML validation if XML validation is enabled.
16-Nov-2017 13:39:15.030 WARNING [localhost-startStop-1] org.apache.tomcat.util.descriptor.DigesterFactory.locationFor The XML schema [web-jsptaglibrary_1_2.dtd] could not be found. This is very likely to break XML validation if XML validation is enabled.
16-Nov-2017 13:39:15.030 WARNING [localhost-startStop-1] org.apache.tomcat.util.descriptor.DigesterFactory.locationFor The XML schema [web-jsptaglibrary_2_0.xsd] could not be found. This is very likely to break XML validation if XML validation is enabled.
16-Nov-2017 13:39:15.030 WARNING [localhost-startStop-1] org.apache.tomcat.util.descriptor.DigesterFactory.locationFor The XML schema [jsp_2_0.xsd] could not be found. This is very likely to break XML validation if XML validation is enabled.
16-Nov-2017 13:39:15.031 WARNING [localhost-startStop-1] org.apache.tomcat.util.descriptor.DigesterFactory.locationFor The XML schema [web-jsptaglibrary_2_1.xsd] could not be found. This is very likely to break XML validation if XML validation is enabled.
16-Nov-2017 13:39:15.031 WARNING [localhost-startStop-1] org.apache.tomcat.util.descriptor.DigesterFactory.locationFor The XML schema [jsp_2_1.xsd] could not be found. This is very likely to break XML validation if XML validation is enabled.
16-Nov-2017 13:39:15.031 WARNING [localhost-startStop-1] org.apache.tomcat.util.descriptor.DigesterFactory.locationFor The XML schema [jsp_2_2.xsd] could not be found. This is very likely to break XML validation if XML validation is enabled.
16-Nov-2017 13:39:15.032 WARNING [localhost-startStop-1] org.apache.tomcat.util.descriptor.DigesterFactory.locationFor The XML schema [web-app_3_1.xsd] could not be found. This is very likely to break XML validation if XML validation is enabled.
16-Nov-2017 13:39:15.032 WARNING [localhost-startStop-1] org.apache.tomcat.util.descriptor.DigesterFactory.locationFor The XML schema [web-fragment_3_1.xsd] could not be found. This is very likely to break XML validation if XML validation is enabled.
16-Nov-2017 13:39:15.032 WARNING [localhost-startStop-1] org.apache.tomcat.util.descriptor.DigesterFactory.locationFor The XML schema [web-common_3_1.xsd] could not be found. This is very likely to break XML validation if XML validation is enabled.
16-Nov-2017 13:39:15.032 WARNING [localhost-startStop-1] org.apache.tomcat.util.descriptor.DigesterFactory.locationFor The XML schema [javaee_7.xsd] could not be found. This is very likely to break XML validation if XML validation is enabled.
16-Nov-2017 13:39:15.032 WARNING [localhost-startStop-1] org.apache.tomcat.util.descriptor.DigesterFactory.locationFor The XML schema [jsp_2_3.xsd] could not be found. This is very likely to break XML validation if XML validation is enabled.
16-Nov-2017 13:39:15.033 WARNING [localhost-startStop-1] org.apache.tomcat.util.descriptor.DigesterFactory.locationFor The XML schema [javaee_web_services_1_4.xsd] could not be found. This is very likely to break XML validation if XML validation is enabled.
16-Nov-2017 13:39:15.033 WARNING [localhost-startStop-1] org.apache.tomcat.util.descriptor.DigesterFactory.locationFor The XML schema [javaee_web_services_client_1_4.xsd] could not be found. This is very likely to break XML validation if XML validation is enabled.
16-Nov-2017 13:39:15.202 SEVERE [localhost-startStop-1] org.apache.catalina.core.ContainerBase.addChildInternal ContainerBase.addChild: start: 
 org.apache.catalina.LifecycleException: Failed to start component [StandardEngine[Catalina].StandardHost[localhost].StandardContext[/host-manager]]
	at org.apache.catalina.util.LifecycleBase.start(LifecycleBase.java:167)
	at org.apache.catalina.core.ContainerBase.addChildInternal(ContainerBase.java:752)
	at org.apache.catalina.core.ContainerBase.addChild(ContainerBase.java:728)
	at org.apache.catalina.core.StandardHost.addChild(StandardHost.java:734)
	at org.apache.catalina.startup.HostConfig.deployDirectory(HostConfig.java:1144)
	at org.apache.catalina.startup.HostConfig$DeployDirectory.run(HostConfig.java:1878)
	at java.util.concurrent.Executors$RunnableAdapter.call(Executors.java:511)
	at java.util.concurrent.FutureTask.run(FutureTask.java:266)
	at java.util.concurrent.ThreadPoolExecutor.runWorker(ThreadPoolExecutor.java:1142)
	at java.util.concurrent.ThreadPoolExecutor$Worker.run(ThreadPoolExecutor.java:617)
	at java.lang.Thread.run(Thread.java:745)
Caused by: org.apache.catalina.LifecycleException: Failed to start component [Pipeline[StandardEngine[Catalina].StandardHost[localhost].StandardContext[/host-manager]]]
	at org.apache.catalina.util.LifecycleBase.start(LifecycleBase.java:167)
	at org.apache.catalina.core.StandardContext.startInternal(StandardContext.java:5117)
	at org.apache.catalina.util.LifecycleBase.start(LifecycleBase.java:150)
	... 10 more
Caused by: org.apache.catalina.LifecycleException: Failed to start component [org.apache.catalina.authenticator.BasicAuthenticator[/host-manager]]
	at org.apache.catalina.util.LifecycleBase.start(LifecycleBase.java:167)
	at org.apache.catalina.core.StandardPipeline.startInternal(StandardPipeline.java:182)
	at org.apache.catalina.util.LifecycleBase.start(LifecycleBase.java:150)
	... 12 more
Caused by: java.lang.NoSuchMethodError: javax.servlet.ServletContext.getVirtualServerName()Ljava/lang/String;
	at org.apache.catalina.authenticator.AuthenticatorBase.startInternal(AuthenticatorBase.java:1141)
	at org.apache.catalina.util.LifecycleBase.start(LifecycleBase.java:150)
	... 14 more

16-Nov-2017 13:39:15.203 SEVERE [localhost-startStop-1] org.apache.catalina.startup.HostConfig.deployDirectory Error deploying web application directory [/home/likewise-open/ZOHOCORP/naran-3387/Documents/Labs/ZCode/tcp_proxy/tcp2https/apache-tomcat-8.5.23/webapps/host-manager]
 java.lang.IllegalStateException: ContainerBase.addChild: start: org.apache.catalina.LifecycleException: Failed to start component [StandardEngine[Catalina].StandardHost[localhost].StandardContext[/host-manager]]
	at org.apache.catalina.core.ContainerBase.addChildInternal(ContainerBase.java:756)
	at org.apache.catalina.core.ContainerBase.addChild(ContainerBase.java:728)
	at org.apache.catalina.core.StandardHost.addChild(StandardHost.java:734)
	at org.apache.catalina.startup.HostConfig.deployDirectory(HostConfig.java:1144)
	at org.apache.catalina.startup.HostConfig$DeployDirectory.run(HostConfig.java:1878)
	at java.util.concurrent.Executors$RunnableAdapter.call(Executors.java:511)
	at java.util.concurrent.FutureTask.run(FutureTask.java:266)
	at java.util.concurrent.ThreadPoolExecutor.runWorker(ThreadPoolExecutor.java:1142)
	at java.util.concurrent.ThreadPoolExecutor$Worker.run(ThreadPoolExecutor.java:617)
	at java.lang.Thread.run(Thread.java:745)

16-Nov-2017 13:39:15.204 INFO [localhost-startStop-1] org.apache.catalina.startup.HostConfig.deployDirectory Deployment of web application directory [/home/likewise-open/ZOHOCORP/naran-3387/Documents/Labs/ZCode/tcp_proxy/tcp2https/apache-tomcat-8.5.23/webapps/host-manager] has finished in [266] ms
16-Nov-2017 13:39:15.205 INFO [localhost-startStop-1] org.apache.catalina.startup.HostConfig.deployDirectory Deploying web application directory [/home/likewise-open/ZOHOCORP/naran-3387/Documents/Labs/ZCode/tcp_proxy/tcp2https/apache-tomcat-8.5.23/webapps/examples]
16-Nov-2017 13:39:15.394 SEVERE [localhost-startStop-1] org.apache.catalina.core.ContainerBase.addChildInternal ContainerBase.addChild: start: 
 org.apache.catalina.LifecycleException: Failed to start component [StandardEngine[Catalina].StandardHost[localhost].StandardContext[/examples]]
	at org.apache.catalina.util.LifecycleBase.start(LifecycleBase.java:167)
	at org.apache.catalina.core.ContainerBase.addChildInternal(ContainerBase.java:752)
	at org.apache.catalina.core.ContainerBase.addChild(ContainerBase.java:728)
	at org.apache.catalina.core.StandardHost.addChild(StandardHost.java:734)
	at org.apache.catalina.startup.HostConfig.deployDirectory(HostConfig.java:1144)
	at org.apache.catalina.startup.HostConfig$DeployDirectory.run(HostConfig.java:1878)
	at java.util.concurrent.Executors$RunnableAdapter.call(Executors.java:511)
	at java.util.concurrent.FutureTask.run(FutureTask.java:266)
	at java.util.concurrent.ThreadPoolExecutor.runWorker(ThreadPoolExecutor.java:1142)
	at java.util.concurrent.ThreadPoolExecutor$Worker.run(ThreadPoolExecutor.java:617)
	at java.lang.Thread.run(Thread.java:745)
Caused by: org.apache.catalina.LifecycleException: Failed to start component [Pipeline[StandardEngine[Catalina].StandardHost[localhost].StandardContext[/examples]]]
	at org.apache.catalina.util.LifecycleBase.start(LifecycleBase.java:167)
	at org.apache.catalina.core.StandardContext.startInternal(StandardContext.java:5117)
	at org.apache.catalina.util.LifecycleBase.start(LifecycleBase.java:150)
	... 10 more
Caused by: org.apache.catalina.LifecycleException: Failed to start component [org.apache.catalina.authenticator.FormAuthenticator[/examples]]
	at org.apache.catalina.util.LifecycleBase.start(LifecycleBase.java:167)
	at org.apache.catalina.core.StandardPipeline.startInternal(StandardPipeline.java:182)
	at org.apache.catalina.util.LifecycleBase.start(LifecycleBase.java:150)
	... 12 more
Caused by: java.lang.NoSuchMethodError: javax.servlet.ServletContext.getVirtualServerName()Ljava/lang/String;
	at org.apache.catalina.authenticator.AuthenticatorBase.startInternal(AuthenticatorBase.java:1141)
	at org.apache.catalina.util.LifecycleBase.start(LifecycleBase.java:150)
	... 14 more

16-Nov-2017 13:39:15.394 SEVERE [localhost-startStop-1] org.apache.catalina.startup.HostConfig.deployDirectory Error deploying web application directory [/home/likewise-open/ZOHOCORP/naran-3387/Documents/Labs/ZCode/tcp_proxy/tcp2https/apache-tomcat-8.5.23/webapps/examples]
 java.lang.IllegalStateException: ContainerBase.addChild: start: org.apache.catalina.LifecycleException: Failed to start component [StandardEngine[Catalina].StandardHost[localhost].StandardContext[/examples]]
	at org.apache.catalina.core.ContainerBase.addChildInternal(ContainerBase.java:756)
	at org.apache.catalina.core.ContainerBase.addChild(ContainerBase.java:728)
	at org.apache.catalina.core.StandardHost.addChild(StandardHost.java:734)
	at org.apache.catalina.startup.HostConfig.deployDirectory(HostConfig.java:1144)
	at org.apache.catalina.startup.HostConfig$DeployDirectory.run(HostConfig.java:1878)
	at java.util.concurrent.Executors$RunnableAdapter.call(Executors.java:511)
	at java.util.concurrent.FutureTask.run(FutureTask.java:266)
	at java.util.concurrent.ThreadPoolExecutor.runWorker(ThreadPoolExecutor.java:1142)
	at java.util.concurrent.ThreadPoolExecutor$Worker.run(ThreadPoolExecutor.java:617)
	at java.lang.Thread.run(Thread.java:745)

16-Nov-2017 13:39:15.395 INFO [localhost-startStop-1] org.apache.catalina.startup.HostConfig.deployDirectory Deployment of web application directory [/home/likewise-open/ZOHOCORP/naran-3387/Documents/Labs/ZCode/tcp_proxy/tcp2https/apache-tomcat-8.5.23/webapps/examples] has finished in [191] ms
16-Nov-2017 13:39:15.395 INFO [localhost-startStop-1] org.apache.catalina.startup.HostConfig.deployDirectory Deploying web application directory [/home/likewise-open/ZOHOCORP/naran-3387/Documents/Labs/ZCode/tcp_proxy/tcp2https/apache-tomcat-8.5.23/webapps/ROOT]
16-Nov-2017 13:39:15.488 INFO [localhost-startStop-1] org.apache.catalina.startup.HostConfig.deployDirectory Deployment of web application directory [/home/likewise-open/ZOHOCORP/naran-3387/Documents/Labs/ZCode/tcp_proxy/tcp2https/apache-tomcat-8.5.23/webapps/ROOT] has finished in [93] ms
16-Nov-2017 13:39:15.489 INFO [localhost-startStop-1] org.apache.catalina.startup.HostConfig.deployDirectory Deploying web application directory [/home/likewise-open/ZOHOCORP/naran-3387/Documents/Labs/ZCode/tcp_proxy/tcp2https/apache-tomcat-8.5.23/webapps/manager]
16-Nov-2017 13:39:15.505 SEVERE [localhost-startStop-1] org.apache.catalina.core.ContainerBase.addChildInternal ContainerBase.addChild: start: 
 org.apache.catalina.LifecycleException: Failed to start component [StandardEngine[Catalina].StandardHost[localhost].StandardContext[/manager]]
	at org.apache.catalina.util.LifecycleBase.start(LifecycleBase.java:167)
	at org.apache.catalina.core.ContainerBase.addChildInternal(ContainerBase.java:752)
	at org.apache.catalina.core.ContainerBase.addChild(ContainerBase.java:728)
	at org.apache.catalina.core.StandardHost.addChild(StandardHost.java:734)
	at org.apache.catalina.startup.HostConfig.deployDirectory(HostConfig.java:1144)
	at org.apache.catalina.startup.HostConfig$DeployDirectory.run(HostConfig.java:1878)
	at java.util.concurrent.Executors$RunnableAdapter.call(Executors.java:511)
	at java.util.concurrent.FutureTask.run(FutureTask.java:266)
	at java.util.concurrent.ThreadPoolExecutor.runWorker(ThreadPoolExecutor.java:1142)
	at java.util.concurrent.ThreadPoolExecutor$Worker.run(ThreadPoolExecutor.java:617)
	at java.lang.Thread.run(Thread.java:745)
Caused by: org.apache.catalina.LifecycleException: Failed to start component [Pipeline[StandardEngine[Catalina].StandardHost[localhost].StandardContext[/manager]]]
	at org.apache.catalina.util.LifecycleBase.start(LifecycleBase.java:167)
	at org.apache.catalina.core.StandardContext.startInternal(StandardContext.java:5117)
	at org.apache.catalina.util.LifecycleBase.start(LifecycleBase.java:150)
	... 10 more
Caused by: org.apache.catalina.LifecycleException: Failed to start component [org.apache.catalina.authenticator.BasicAuthenticator[/manager]]
	at org.apache.catalina.util.LifecycleBase.start(LifecycleBase.java:167)
	at org.apache.catalina.core.StandardPipeline.startInternal(StandardPipeline.java:182)
	at org.apache.catalina.util.LifecycleBase.start(LifecycleBase.java:150)
	... 12 more
Caused by: java.lang.NoSuchMethodError: javax.servlet.ServletContext.getVirtualServerName()Ljava/lang/String;
	at org.apache.catalina.authenticator.AuthenticatorBase.startInternal(AuthenticatorBase.java:1141)
	at org.apache.catalina.util.LifecycleBase.start(LifecycleBase.java:150)
	... 14 more

16-Nov-2017 13:39:15.506 SEVERE [localhost-startStop-1] org.apache.catalina.startup.HostConfig.deployDirectory Error deploying web application directory [/home/likewise-open/ZOHOCORP/naran-3387/Documents/Labs/ZCode/tcp_proxy/tcp2https/apache-tomcat-8.5.23/webapps/manager]
 java.lang.IllegalStateException: ContainerBase.addChild: start: org.apache.catalina.LifecycleException: Failed to start component [StandardEngine[Catalina].StandardHost[localhost].StandardContext[/manager]]
	at org.apache.catalina.core.ContainerBase.addChildInternal(ContainerBase.java:756)
	at org.apache.catalina.core.ContainerBase.addChild(ContainerBase.java:728)
	at org.apache.catalina.core.StandardHost.addChild(StandardHost.java:734)
	at org.apache.catalina.startup.HostConfig.deployDirectory(HostConfig.java:1144)
	at org.apache.catalina.startup.HostConfig$DeployDirectory.run(HostConfig.java:1878)
	at java.util.concurrent.Executors$RunnableAdapter.call(Executors.java:511)
	at java.util.concurrent.FutureTask.run(FutureTask.java:266)
	at java.util.concurrent.ThreadPoolExecutor.runWorker(ThreadPoolExecutor.java:1142)
	at java.util.concurrent.ThreadPoolExecutor$Worker.run(ThreadPoolExecutor.java:617)
	at java.lang.Thread.run(Thread.java:745)

16-Nov-2017 13:39:15.506 INFO [localhost-startStop-1] org.apache.catalina.startup.HostConfig.deployDirectory Deployment of web application directory [/home/likewise-open/ZOHOCORP/naran-3387/Documents/Labs/ZCode/tcp_proxy/tcp2https/apache-tomcat-8.5.23/webapps/manager] has finished in [17] ms
16-Nov-2017 13:39:15.506 INFO [localhost-startStop-1] org.apache.catalina.startup.HostConfig.deployDirectory Deploying web application directory [/home/likewise-open/ZOHOCORP/naran-3387/Documents/Labs/ZCode/tcp_proxy/tcp2https/apache-tomcat-8.5.23/webapps/docs]
16-Nov-2017 13:39:15.520 INFO [localhost-startStop-1] org.apache.catalina.startup.HostConfig.deployDirectory Deployment of web application directory [/home/likewise-open/ZOHOCORP/naran-3387/Documents/Labs/ZCode/tcp_proxy/tcp2https/apache-tomcat-8.5.23/webapps/docs] has finished in [13] ms
16-Nov-2017 13:39:15.521 INFO [main] org.apache.coyote.AbstractProtocol.start Starting ProtocolHandler ["http-nio-7777"]
16-Nov-2017 13:39:15.526 INFO [main] org.apache.coyote.AbstractProtocol.start Starting ProtocolHandler ["ajp-nio-8009"]
16-Nov-2017 13:39:15.528 INFO [main] org.apache.catalina.startup.Catalina.start Server startup in 631 ms
16-Nov-2017 16:04:42.852 INFO [main] org.apache.catalina.core.StandardServer.await A valid shutdown command was received via the shutdown port. Stopping the Server instance.
16-Nov-2017 16:04:42.852 INFO [main] org.apache.coyote.AbstractProtocol.pause Pausing ProtocolHandler ["http-nio-7777"]
16-Nov-2017 16:04:42.905 INFO [main] org.apache.coyote.AbstractProtocol.pause Pausing ProtocolHandler ["https-jsse-nio-8443"]
16-Nov-2017 16:04:42.905 INFO [main] org.apache.coyote.AbstractProtocol.pause Pausing ProtocolHandler ["ajp-nio-8009"]
16-Nov-2017 16:04:42.956 INFO [main] org.apache.catalina.core.StandardService.stopInternal Stopping service [Catalina]
16-Nov-2017 16:04:42.979 INFO [main] org.apache.coyote.AbstractProtocol.stop Stopping ProtocolHandler ["http-nio-7777"]
16-Nov-2017 16:04:42.981 INFO [main] org.apache.coyote.AbstractProtocol.stop Stopping ProtocolHandler ["ajp-nio-8009"]
16-Nov-2017 16:04:42.982 INFO [main] org.apache.coyote.AbstractProtocol.destroy Destroying ProtocolHandler ["http-nio-7777"]
16-Nov-2017 16:04:42.983 INFO [main] org.apache.coyote.AbstractProtocol.stop Stopping ProtocolHandler ["https-jsse-nio-8443"]
16-Nov-2017 16:04:42.983 INFO [main] org.apache.coyote.AbstractProtocol.destroy Destroying ProtocolHandler ["https-jsse-nio-8443"]
16-Nov-2017 16:04:42.983 INFO [main] org.apache.coyote.AbstractProtocol.destroy Destroying ProtocolHandler ["ajp-nio-8009"]
16-Nov-2017 16:04:45.822 INFO [main] org.apache.catalina.startup.VersionLoggerListener.log Server version:        Apache Tomcat/8.5.23
16-Nov-2017 16:04:45.825 INFO [main] org.apache.catalina.startup.VersionLoggerListener.log Server built:          Sep 28 2017 10:30:11 UTC
16-Nov-2017 16:04:45.825 INFO [main] org.apache.catalina.startup.VersionLoggerListener.log Server number:         8.5.23.0
16-Nov-2017 16:04:45.825 INFO [main] org.apache.catalina.startup.VersionLoggerListener.log OS Name:               Linux
16-Nov-2017 16:04:45.825 INFO [main] org.apache.catalina.startup.VersionLoggerListener.log OS Version:            4.4.0-97-generic
16-Nov-2017 16:04:45.825 INFO [main] org.apache.catalina.startup.VersionLoggerListener.log Architecture:          amd64
16-Nov-2017 16:04:45.825 INFO [main] org.apache.catalina.startup.VersionLoggerListener.log Java Home:             /home/likewise-open/ZOHOCORP/naran-3387/Softwares/Languages/java/jdk1.8.0_40/jre
16-Nov-2017 16:04:45.825 INFO [main] org.apache.catalina.startup.VersionLoggerListener.log JVM Version:           1.8.0_40-b25
16-Nov-2017 16:04:45.825 INFO [main] org.apache.catalina.startup.VersionLoggerListener.log JVM Vendor:            Oracle Corporation
16-Nov-2017 16:04:45.826 INFO [main] org.apache.catalina.startup.VersionLoggerListener.log CATALINA_BASE:         /home/likewise-open/ZOHOCORP/naran-3387/Documents/Labs/ZCode/tcp_proxy/tcp2https/apache-tomcat-8.5.23
16-Nov-2017 16:04:45.826 INFO [main] org.apache.catalina.startup.VersionLoggerListener.log CATALINA_HOME:         /home/likewise-open/ZOHOCORP/naran-3387/Documents/Labs/ZCode/tcp_proxy/tcp2https/apache-tomcat-8.5.23
16-Nov-2017 16:04:45.826 INFO [main] org.apache.catalina.startup.VersionLoggerListener.log Command line argument: -Djava.util.logging.config.file=/home/likewise-open/ZOHOCORP/naran-3387/Documents/Labs/ZCode/tcp_proxy/tcp2https/apache-tomcat-8.5.23/conf/logging.properties
16-Nov-2017 16:04:45.826 INFO [main] org.apache.catalina.startup.VersionLoggerListener.log Command line argument: -Djava.util.logging.manager=org.apache.juli.ClassLoaderLogManager
16-Nov-2017 16:04:45.826 INFO [main] org.apache.catalina.startup.VersionLoggerListener.log Command line argument: -Djdk.tls.ephemeralDHKeySize=2048
16-Nov-2017 16:04:45.826 INFO [main] org.apache.catalina.startup.VersionLoggerListener.log Command line argument: -Djava.protocol.handler.pkgs=org.apache.catalina.webresources
16-Nov-2017 16:04:45.826 INFO [main] org.apache.catalina.startup.VersionLoggerListener.log Command line argument: -Dcatalina.base=/home/likewise-open/ZOHOCORP/naran-3387/Documents/Labs/ZCode/tcp_proxy/tcp2https/apache-tomcat-8.5.23
16-Nov-2017 16:04:45.827 INFO [main] org.apache.catalina.startup.VersionLoggerListener.log Command line argument: -Dcatalina.home=/home/likewise-open/ZOHOCORP/naran-3387/Documents/Labs/ZCode/tcp_proxy/tcp2https/apache-tomcat-8.5.23
16-Nov-2017 16:04:45.827 INFO [main] org.apache.catalina.startup.VersionLoggerListener.log Command line argument: -Djava.io.tmpdir=/home/likewise-open/ZOHOCORP/naran-3387/Documents/Labs/ZCode/tcp_proxy/tcp2https/apache-tomcat-8.5.23/temp
16-Nov-2017 16:04:45.827 INFO [main] org.apache.catalina.core.AprLifecycleListener.lifecycleEvent The APR based Apache Tomcat Native library which allows optimal performance in production environments was not found on the java.library.path: [/usr/java/packages/lib/amd64:/usr/lib64:/lib64:/lib:/usr/lib]
16-Nov-2017 16:04:45.950 INFO [main] org.apache.coyote.AbstractProtocol.init Initializing ProtocolHandler ["http-nio-7777"]
16-Nov-2017 16:04:45.968 INFO [main] org.apache.tomcat.util.net.NioSelectorPool.getSharedSelector Using a shared selector for servlet write/read
16-Nov-2017 16:04:45.972 INFO [main] org.apache.coyote.AbstractProtocol.init Initializing ProtocolHandler ["https-jsse-nio-8443"]
16-Nov-2017 16:04:46.173 SEVERE [main] org.apache.tomcat.util.net.SSLUtilBase.getStore Failed to load keystore type [JKS] with path [./.keystore] due to [/home/likewise-open/ZOHOCORP/naran-3387/Documents/Labs/ZCode/tcp_proxy/tcp2https/apache-tomcat-8.5.23/.keystore (No such file or directory)]
 java.io.FileNotFoundException: /home/likewise-open/ZOHOCORP/naran-3387/Documents/Labs/ZCode/tcp_proxy/tcp2https/apache-tomcat-8.5.23/.keystore (No such file or directory)
	at java.io.FileInputStream.open0(Native Method)
	at java.io.FileInputStream.open(FileInputStream.java:195)
	at java.io.FileInputStream.<init>(FileInputStream.java:138)
	at java.io.FileInputStream.<init>(FileInputStream.java:93)
	at sun.net.www.protocol.file.FileURLConnection.connect(FileURLConnection.java:90)
	at sun.net.www.protocol.file.FileURLConnection.getInputStream(FileURLConnection.java:188)
	at org.apache.tomcat.util.file.ConfigFileLoader.getInputStream(ConfigFileLoader.java:96)
	at org.apache.tomcat.util.net.SSLUtilBase.getStore(SSLUtilBase.java:132)
	at org.apache.tomcat.util.net.SSLHostConfigCertificate.getCertificateKeystore(SSLHostConfigCertificate.java:187)
	at org.apache.tomcat.util.net.jsse.JSSEUtil.getKeyManagers(JSSEUtil.java:183)
	at org.apache.tomcat.util.net.AbstractJsseEndpoint.createSSLContext(AbstractJsseEndpoint.java:113)
	at org.apache.tomcat.util.net.AbstractJsseEndpoint.initialiseSsl(AbstractJsseEndpoint.java:86)
	at org.apache.tomcat.util.net.NioEndpoint.bind(NioEndpoint.java:225)
	at org.apache.tomcat.util.net.AbstractEndpoint.init(AbstractEndpoint.java:982)
	at org.apache.tomcat.util.net.AbstractJsseEndpoint.init(AbstractJsseEndpoint.java:245)
	at org.apache.coyote.AbstractProtocol.init(AbstractProtocol.java:620)
	at org.apache.coyote.http11.AbstractHttp11Protocol.init(AbstractHttp11Protocol.java:66)
	at org.apache.catalina.connector.Connector.initInternal(Connector.java:997)
	at org.apache.catalina.util.LifecycleBase.init(LifecycleBase.java:107)
	at org.apache.catalina.core.StandardService.initInternal(StandardService.java:549)
	at org.apache.catalina.util.LifecycleBase.init(LifecycleBase.java:107)
	at org.apache.catalina.core.StandardServer.initInternal(StandardServer.java:875)
	at org.apache.catalina.util.LifecycleBase.init(LifecycleBase.java:107)
	at org.apache.catalina.startup.Catalina.load(Catalina.java:621)
	at org.apache.catalina.startup.Catalina.load(Catalina.java:644)
	at sun.reflect.NativeMethodAccessorImpl.invoke0(Native Method)
	at sun.reflect.NativeMethodAccessorImpl.invoke(NativeMethodAccessorImpl.java:62)
	at sun.reflect.DelegatingMethodAccessorImpl.invoke(DelegatingMethodAccessorImpl.java:43)
	at java.lang.reflect.Method.invoke(Method.java:497)
	at org.apache.catalina.startup.Bootstrap.load(Bootstrap.java:311)
	at org.apache.catalina.startup.Bootstrap.main(Bootstrap.java:494)

16-Nov-2017 16:04:46.175 SEVERE [main] org.apache.coyote.AbstractProtocol.init Failed to initialize end point associated with ProtocolHandler ["https-jsse-nio-8443"]
 java.lang.IllegalArgumentException: java.io.FileNotFoundException: /home/likewise-open/ZOHOCORP/naran-3387/Documents/Labs/ZCode/tcp_proxy/tcp2https/apache-tomcat-8.5.23/.keystore (No such file or directory)
	at org.apache.tomcat.util.net.AbstractJsseEndpoint.createSSLContext(AbstractJsseEndpoint.java:115)
	at org.apache.tomcat.util.net.AbstractJsseEndpoint.initialiseSsl(AbstractJsseEndpoint.java:86)
	at org.apache.tomcat.util.net.NioEndpoint.bind(NioEndpoint.java:225)
	at org.apache.tomcat.util.net.AbstractEndpoint.init(AbstractEndpoint.java:982)
	at org.apache.tomcat.util.net.AbstractJsseEndpoint.init(AbstractJsseEndpoint.java:245)
	at org.apache.coyote.AbstractProtocol.init(AbstractProtocol.java:620)
	at org.apache.coyote.http11.AbstractHttp11Protocol.init(AbstractHttp11Protocol.java:66)
	at org.apache.catalina.connector.Connector.initInternal(Connector.java:997)
	at org.apache.catalina.util.LifecycleBase.init(LifecycleBase.java:107)
	at org.apache.catalina.core.StandardService.initInternal(StandardService.java:549)
	at org.apache.catalina.util.LifecycleBase.init(LifecycleBase.java:107)
	at org.apache.catalina.core.StandardServer.initInternal(StandardServer.java:875)
	at org.apache.catalina.util.LifecycleBase.init(LifecycleBase.java:107)
	at org.apache.catalina.startup.Catalina.load(Catalina.java:621)
	at org.apache.catalina.startup.Catalina.load(Catalina.java:644)
	at sun.reflect.NativeMethodAccessorImpl.invoke0(Native Method)
	at sun.reflect.NativeMethodAccessorImpl.invoke(NativeMethodAccessorImpl.java:62)
	at sun.reflect.DelegatingMethodAccessorImpl.invoke(DelegatingMethodAccessorImpl.java:43)
	at java.lang.reflect.Method.invoke(Method.java:497)
	at org.apache.catalina.startup.Bootstrap.load(Bootstrap.java:311)
	at org.apache.catalina.startup.Bootstrap.main(Bootstrap.java:494)
Caused by: java.io.FileNotFoundException: /home/likewise-open/ZOHOCORP/naran-3387/Documents/Labs/ZCode/tcp_proxy/tcp2https/apache-tomcat-8.5.23/.keystore (No such file or directory)
	at java.io.FileInputStream.open0(Native Method)
	at java.io.FileInputStream.open(FileInputStream.java:195)
	at java.io.FileInputStream.<init>(FileInputStream.java:138)
	at java.io.FileInputStream.<init>(FileInputStream.java:93)
	at sun.net.www.protocol.file.FileURLConnection.connect(FileURLConnection.java:90)
	at sun.net.www.protocol.file.FileURLConnection.getInputStream(FileURLConnection.java:188)
	at org.apache.tomcat.util.file.ConfigFileLoader.getInputStream(ConfigFileLoader.java:96)
	at org.apache.tomcat.util.net.SSLUtilBase.getStore(SSLUtilBase.java:132)
	at org.apache.tomcat.util.net.SSLHostConfigCertificate.getCertificateKeystore(SSLHostConfigCertificate.java:187)
	at org.apache.tomcat.util.net.jsse.JSSEUtil.getKeyManagers(JSSEUtil.java:183)
	at org.apache.tomcat.util.net.AbstractJsseEndpoint.createSSLContext(AbstractJsseEndpoint.java:113)
	... 20 more

16-Nov-2017 16:04:46.175 SEVERE [main] org.apache.catalina.core.StandardService.initInternal Failed to initialize connector [Connector[HTTP/1.1-8443]]
 org.apache.catalina.LifecycleException: Failed to initialize component [Connector[HTTP/1.1-8443]]
	at org.apache.catalina.util.LifecycleBase.init(LifecycleBase.java:113)
	at org.apache.catalina.core.StandardService.initInternal(StandardService.java:549)
	at org.apache.catalina.util.LifecycleBase.init(LifecycleBase.java:107)
	at org.apache.catalina.core.StandardServer.initInternal(StandardServer.java:875)
	at org.apache.catalina.util.LifecycleBase.init(LifecycleBase.java:107)
	at org.apache.catalina.startup.Catalina.load(Catalina.java:621)
	at org.apache.catalina.startup.Catalina.load(Catalina.java:644)
	at sun.reflect.NativeMethodAccessorImpl.invoke0(Native Method)
	at sun.reflect.NativeMethodAccessorImpl.invoke(NativeMethodAccessorImpl.java:62)
	at sun.reflect.DelegatingMethodAccessorImpl.invoke(DelegatingMethodAccessorImpl.java:43)
	at java.lang.reflect.Method.invoke(Method.java:497)
	at org.apache.catalina.startup.Bootstrap.load(Bootstrap.java:311)
	at org.apache.catalina.startup.Bootstrap.main(Bootstrap.java:494)
Caused by: org.apache.catalina.LifecycleException: Protocol handler initialization failed
	at org.apache.catalina.connector.Connector.initInternal(Connector.java:1000)
	at org.apache.catalina.util.LifecycleBase.init(LifecycleBase.java:107)
	... 12 more
Caused by: java.lang.IllegalArgumentException: java.io.FileNotFoundException: /home/likewise-open/ZOHOCORP/naran-3387/Documents/Labs/ZCode/tcp_proxy/tcp2https/apache-tomcat-8.5.23/.keystore (No such file or directory)
	at org.apache.tomcat.util.net.AbstractJsseEndpoint.createSSLContext(AbstractJsseEndpoint.java:115)
	at org.apache.tomcat.util.net.AbstractJsseEndpoint.initialiseSsl(AbstractJsseEndpoint.java:86)
	at org.apache.tomcat.util.net.NioEndpoint.bind(NioEndpoint.java:225)
	at org.apache.tomcat.util.net.AbstractEndpoint.init(AbstractEndpoint.java:982)
	at org.apache.tomcat.util.net.AbstractJsseEndpoint.init(AbstractJsseEndpoint.java:245)
	at org.apache.coyote.AbstractProtocol.init(AbstractProtocol.java:620)
	at org.apache.coyote.http11.AbstractHttp11Protocol.init(AbstractHttp11Protocol.java:66)
	at org.apache.catalina.connector.Connector.initInternal(Connector.java:997)
	... 13 more
Caused by: java.io.FileNotFoundException: /home/likewise-open/ZOHOCORP/naran-3387/Documents/Labs/ZCode/tcp_proxy/tcp2https/apache-tomcat-8.5.23/.keystore (No such file or directory)
	at java.io.FileInputStream.open0(Native Method)
	at java.io.FileInputStream.open(FileInputStream.java:195)
	at java.io.FileInputStream.<init>(FileInputStream.java:138)
	at java.io.FileInputStream.<init>(FileInputStream.java:93)
	at sun.net.www.protocol.file.FileURLConnection.connect(FileURLConnection.java:90)
	at sun.net.www.protocol.file.FileURLConnection.getInputStream(FileURLConnection.java:188)
	at org.apache.tomcat.util.file.ConfigFileLoader.getInputStream(ConfigFileLoader.java:96)
	at org.apache.tomcat.util.net.SSLUtilBase.getStore(SSLUtilBase.java:132)
	at org.apache.tomcat.util.net.SSLHostConfigCertificate.getCertificateKeystore(SSLHostConfigCertificate.java:187)
	at org.apache.tomcat.util.net.jsse.JSSEUtil.getKeyManagers(JSSEUtil.java:183)
	at org.apache.tomcat.util.net.AbstractJsseEndpoint.createSSLContext(AbstractJsseEndpoint.java:113)
	... 20 more

16-Nov-2017 16:04:46.176 INFO [main] org.apache.coyote.AbstractProtocol.init Initializing ProtocolHandler ["ajp-nio-8009"]
16-Nov-2017 16:04:46.178 INFO [main] org.apache.tomcat.util.net.NioSelectorPool.getSharedSelector Using a shared selector for servlet write/read
16-Nov-2017 16:04:46.180 INFO [main] org.apache.catalina.startup.Catalina.load Initialization processed in 705 ms
16-Nov-2017 16:04:46.200 INFO [main] org.apache.catalina.core.StandardService.startInternal Starting service [Catalina]
16-Nov-2017 16:04:46.200 INFO [main] org.apache.catalina.core.StandardEngine.startInternal Starting Servlet Engine: Apache Tomcat/8.5.23
16-Nov-2017 16:04:46.207 INFO [localhost-startStop-1] org.apache.catalina.startup.HostConfig.deployDirectory Deploying web application directory [/home/likewise-open/ZOHOCORP/naran-3387/Documents/Labs/ZCode/tcp_proxy/tcp2https/apache-tomcat-8.5.23/webapps/host-manager]
16-Nov-2017 16:04:46.297 WARNING [localhost-startStop-1] org.apache.tomcat.util.descriptor.DigesterFactory.locationFor The XML schema [web-jsptaglibrary_1_1.dtd] could not be found. This is very likely to break XML validation if XML validation is enabled.
16-Nov-2017 16:04:46.297 WARNING [localhost-startStop-1] org.apache.tomcat.util.descriptor.DigesterFactory.locationFor The XML schema [web-jsptaglibrary_1_2.dtd] could not be found. This is very likely to break XML validation if XML validation is enabled.
16-Nov-2017 16:04:46.297 WARNING [localhost-startStop-1] org.apache.tomcat.util.descriptor.DigesterFactory.locationFor The XML schema [web-jsptaglibrary_2_0.xsd] could not be found. This is very likely to break XML validation if XML validation is enabled.
16-Nov-2017 16:04:46.298 WARNING [localhost-startStop-1] org.apache.tomcat.util.descriptor.DigesterFactory.locationFor The XML schema [jsp_2_0.xsd] could not be found. This is very likely to break XML validation if XML validation is enabled.
16-Nov-2017 16:04:46.298 WARNING [localhost-startStop-1] org.apache.tomcat.util.descriptor.DigesterFactory.locationFor The XML schema [web-jsptaglibrary_2_1.xsd] could not be found. This is very likely to break XML validation if XML validation is enabled.
16-Nov-2017 16:04:46.298 WARNING [localhost-startStop-1] org.apache.tomcat.util.descriptor.DigesterFactory.locationFor The XML schema [jsp_2_1.xsd] could not be found. This is very likely to break XML validation if XML validation is enabled.
16-Nov-2017 16:04:46.298 WARNING [localhost-startStop-1] org.apache.tomcat.util.descriptor.DigesterFactory.locationFor The XML schema [jsp_2_2.xsd] could not be found. This is very likely to break XML validation if XML validation is enabled.
16-Nov-2017 16:04:46.299 WARNING [localhost-startStop-1] org.apache.tomcat.util.descriptor.DigesterFactory.locationFor The XML schema [web-app_3_1.xsd] could not be found. This is very likely to break XML validation if XML validation is enabled.
16-Nov-2017 16:04:46.299 WARNING [localhost-startStop-1] org.apache.tomcat.util.descriptor.DigesterFactory.locationFor The XML schema [web-fragment_3_1.xsd] could not be found. This is very likely to break XML validation if XML validation is enabled.
16-Nov-2017 16:04:46.299 WARNING [localhost-startStop-1] org.apache.tomcat.util.descriptor.DigesterFactory.locationFor The XML schema [web-common_3_1.xsd] could not be found. This is very likely to break XML validation if XML validation is enabled.
16-Nov-2017 16:04:46.299 WARNING [localhost-startStop-1] org.apache.tomcat.util.descriptor.DigesterFactory.locationFor The XML schema [javaee_7.xsd] could not be found. This is very likely to break XML validation if XML validation is enabled.
16-Nov-2017 16:04:46.300 WARNING [localhost-startStop-1] org.apache.tomcat.util.descriptor.DigesterFactory.locationFor The XML schema [jsp_2_3.xsd] could not be found. This is very likely to break XML validation if XML validation is enabled.
16-Nov-2017 16:04:46.300 WARNING [localhost-startStop-1] org.apache.tomcat.util.descriptor.DigesterFactory.locationFor The XML schema [javaee_web_services_1_4.xsd] could not be found. This is very likely to break XML validation if XML validation is enabled.
16-Nov-2017 16:04:46.300 WARNING [localhost-startStop-1] org.apache.tomcat.util.descriptor.DigesterFactory.locationFor The XML schema [javaee_web_services_client_1_4.xsd] could not be found. This is very likely to break XML validation if XML validation is enabled.
16-Nov-2017 16:04:46.432 SEVERE [localhost-startStop-1] org.apache.catalina.core.ContainerBase.addChildInternal ContainerBase.addChild: start: 
 org.apache.catalina.LifecycleException: Failed to start component [StandardEngine[Catalina].StandardHost[localhost].StandardContext[/host-manager]]
	at org.apache.catalina.util.LifecycleBase.start(LifecycleBase.java:167)
	at org.apache.catalina.core.ContainerBase.addChildInternal(ContainerBase.java:752)
	at org.apache.catalina.core.ContainerBase.addChild(ContainerBase.java:728)
	at org.apache.catalina.core.StandardHost.addChild(StandardHost.java:734)
	at org.apache.catalina.startup.HostConfig.deployDirectory(HostConfig.java:1144)
	at org.apache.catalina.startup.HostConfig$DeployDirectory.run(HostConfig.java:1878)
	at java.util.concurrent.Executors$RunnableAdapter.call(Executors.java:511)
	at java.util.concurrent.FutureTask.run(FutureTask.java:266)
	at java.util.concurrent.ThreadPoolExecutor.runWorker(ThreadPoolExecutor.java:1142)
	at java.util.concurrent.ThreadPoolExecutor$Worker.run(ThreadPoolExecutor.java:617)
	at java.lang.Thread.run(Thread.java:745)
Caused by: org.apache.catalina.LifecycleException: Failed to start component [Pipeline[StandardEngine[Catalina].StandardHost[localhost].StandardContext[/host-manager]]]
	at org.apache.catalina.util.LifecycleBase.start(LifecycleBase.java:167)
	at org.apache.catalina.core.StandardContext.startInternal(StandardContext.java:5117)
	at org.apache.catalina.util.LifecycleBase.start(LifecycleBase.java:150)
	... 10 more
Caused by: org.apache.catalina.LifecycleException: Failed to start component [org.apache.catalina.authenticator.BasicAuthenticator[/host-manager]]
	at org.apache.catalina.util.LifecycleBase.start(LifecycleBase.java:167)
	at org.apache.catalina.core.StandardPipeline.startInternal(StandardPipeline.java:182)
	at org.apache.catalina.util.LifecycleBase.start(LifecycleBase.java:150)
	... 12 more
Caused by: java.lang.NoSuchMethodError: javax.servlet.ServletContext.getVirtualServerName()Ljava/lang/String;
	at org.apache.catalina.authenticator.AuthenticatorBase.startInternal(AuthenticatorBase.java:1141)
	at org.apache.catalina.util.LifecycleBase.start(LifecycleBase.java:150)
	... 14 more

16-Nov-2017 16:04:46.432 SEVERE [localhost-startStop-1] org.apache.catalina.startup.HostConfig.deployDirectory Error deploying web application directory [/home/likewise-open/ZOHOCORP/naran-3387/Documents/Labs/ZCode/tcp_proxy/tcp2https/apache-tomcat-8.5.23/webapps/host-manager]
 java.lang.IllegalStateException: ContainerBase.addChild: start: org.apache.catalina.LifecycleException: Failed to start component [StandardEngine[Catalina].StandardHost[localhost].StandardContext[/host-manager]]
	at org.apache.catalina.core.ContainerBase.addChildInternal(ContainerBase.java:756)
	at org.apache.catalina.core.ContainerBase.addChild(ContainerBase.java:728)
	at org.apache.catalina.core.StandardHost.addChild(StandardHost.java:734)
	at org.apache.catalina.startup.HostConfig.deployDirectory(HostConfig.java:1144)
	at org.apache.catalina.startup.HostConfig$DeployDirectory.run(HostConfig.java:1878)
	at java.util.concurrent.Executors$RunnableAdapter.call(Executors.java:511)
	at java.util.concurrent.FutureTask.run(FutureTask.java:266)
	at java.util.concurrent.ThreadPoolExecutor.runWorker(ThreadPoolExecutor.java:1142)
	at java.util.concurrent.ThreadPoolExecutor$Worker.run(ThreadPoolExecutor.java:617)
	at java.lang.Thread.run(Thread.java:745)

16-Nov-2017 16:04:46.434 INFO [localhost-startStop-1] org.apache.catalina.startup.HostConfig.deployDirectory Deployment of web application directory [/home/likewise-open/ZOHOCORP/naran-3387/Documents/Labs/ZCode/tcp_proxy/tcp2https/apache-tomcat-8.5.23/webapps/host-manager] has finished in [226] ms
16-Nov-2017 16:04:46.434 INFO [localhost-startStop-1] org.apache.catalina.startup.HostConfig.deployDirectory Deploying web application directory [/home/likewise-open/ZOHOCORP/naran-3387/Documents/Labs/ZCode/tcp_proxy/tcp2https/apache-tomcat-8.5.23/webapps/examples]
16-Nov-2017 16:04:46.553 SEVERE [localhost-startStop-1] org.apache.catalina.core.ContainerBase.addChildInternal ContainerBase.addChild: start: 
 org.apache.catalina.LifecycleException: Failed to start component [StandardEngine[Catalina].StandardHost[localhost].StandardContext[/examples]]
	at org.apache.catalina.util.LifecycleBase.start(LifecycleBase.java:167)
	at org.apache.catalina.core.ContainerBase.addChildInternal(ContainerBase.java:752)
	at org.apache.catalina.core.ContainerBase.addChild(ContainerBase.java:728)
	at org.apache.catalina.core.StandardHost.addChild(StandardHost.java:734)
	at org.apache.catalina.startup.HostConfig.deployDirectory(HostConfig.java:1144)
	at org.apache.catalina.startup.HostConfig$DeployDirectory.run(HostConfig.java:1878)
	at java.util.concurrent.Executors$RunnableAdapter.call(Executors.java:511)
	at java.util.concurrent.FutureTask.run(FutureTask.java:266)
	at java.util.concurrent.ThreadPoolExecutor.runWorker(ThreadPoolExecutor.java:1142)
	at java.util.concurrent.ThreadPoolExecutor$Worker.run(ThreadPoolExecutor.java:617)
	at java.lang.Thread.run(Thread.java:745)
Caused by: org.apache.catalina.LifecycleException: Failed to start component [Pipeline[StandardEngine[Catalina].StandardHost[localhost].StandardContext[/examples]]]
	at org.apache.catalina.util.LifecycleBase.start(LifecycleBase.java:167)
	at org.apache.catalina.core.StandardContext.startInternal(StandardContext.java:5117)
	at org.apache.catalina.util.LifecycleBase.start(LifecycleBase.java:150)
	... 10 more
Caused by: org.apache.catalina.LifecycleException: Failed to start component [org.apache.catalina.authenticator.FormAuthenticator[/examples]]
	at org.apache.catalina.util.LifecycleBase.start(LifecycleBase.java:167)
	at org.apache.catalina.core.StandardPipeline.startInternal(StandardPipeline.java:182)
	at org.apache.catalina.util.LifecycleBase.start(LifecycleBase.java:150)
	... 12 more
Caused by: java.lang.NoSuchMethodError: javax.servlet.ServletContext.getVirtualServerName()Ljava/lang/String;
	at org.apache.catalina.authenticator.AuthenticatorBase.startInternal(AuthenticatorBase.java:1141)
	at org.apache.catalina.util.LifecycleBase.start(LifecycleBase.java:150)
	... 14 more

16-Nov-2017 16:04:46.553 SEVERE [localhost-startStop-1] org.apache.catalina.startup.HostConfig.deployDirectory Error deploying web application directory [/home/likewise-open/ZOHOCORP/naran-3387/Documents/Labs/ZCode/tcp_proxy/tcp2https/apache-tomcat-8.5.23/webapps/examples]
 java.lang.IllegalStateException: ContainerBase.addChild: start: org.apache.catalina.LifecycleException: Failed to start component [StandardEngine[Catalina].StandardHost[localhost].StandardContext[/examples]]
	at org.apache.catalina.core.ContainerBase.addChildInternal(ContainerBase.java:756)
	at org.apache.catalina.core.ContainerBase.addChild(ContainerBase.java:728)
	at org.apache.catalina.core.StandardHost.addChild(StandardHost.java:734)
	at org.apache.catalina.startup.HostConfig.deployDirectory(HostConfig.java:1144)
	at org.apache.catalina.startup.HostConfig$DeployDirectory.run(HostConfig.java:1878)
	at java.util.concurrent.Executors$RunnableAdapter.call(Executors.java:511)
	at java.util.concurrent.FutureTask.run(FutureTask.java:266)
	at java.util.concurrent.ThreadPoolExecutor.runWorker(ThreadPoolExecutor.java:1142)
	at java.util.concurrent.ThreadPoolExecutor$Worker.run(ThreadPoolExecutor.java:617)
	at java.lang.Thread.run(Thread.java:745)

16-Nov-2017 16:04:46.554 INFO [localhost-startStop-1] org.apache.catalina.startup.HostConfig.deployDirectory Deployment of web application directory [/home/likewise-open/ZOHOCORP/naran-3387/Documents/Labs/ZCode/tcp_proxy/tcp2https/apache-tomcat-8.5.23/webapps/examples] has finished in [119] ms
16-Nov-2017 16:04:46.554 INFO [localhost-startStop-1] org.apache.catalina.startup.HostConfig.deployDirectory Deploying web application directory [/home/likewise-open/ZOHOCORP/naran-3387/Documents/Labs/ZCode/tcp_proxy/tcp2https/apache-tomcat-8.5.23/webapps/ROOT]
16-Nov-2017 16:04:46.604 INFO [localhost-startStop-1] org.apache.catalina.startup.HostConfig.deployDirectory Deployment of web application directory [/home/likewise-open/ZOHOCORP/naran-3387/Documents/Labs/ZCode/tcp_proxy/tcp2https/apache-tomcat-8.5.23/webapps/ROOT] has finished in [50] ms
16-Nov-2017 16:04:46.604 INFO [localhost-startStop-1] org.apache.catalina.startup.HostConfig.deployDirectory Deploying web application directory [/home/likewise-open/ZOHOCORP/naran-3387/Documents/Labs/ZCode/tcp_proxy/tcp2https/apache-tomcat-8.5.23/webapps/manager]
16-Nov-2017 16:04:46.618 SEVERE [localhost-startStop-1] org.apache.catalina.core.ContainerBase.addChildInternal ContainerBase.addChild: start: 
 org.apache.catalina.LifecycleException: Failed to start component [StandardEngine[Catalina].StandardHost[localhost].StandardContext[/manager]]
	at org.apache.catalina.util.LifecycleBase.start(LifecycleBase.java:167)
	at org.apache.catalina.core.ContainerBase.addChildInternal(ContainerBase.java:752)
	at org.apache.catalina.core.ContainerBase.addChild(ContainerBase.java:728)
	at org.apache.catalina.core.StandardHost.addChild(StandardHost.java:734)
	at org.apache.catalina.startup.HostConfig.deployDirectory(HostConfig.java:1144)
	at org.apache.catalina.startup.HostConfig$DeployDirectory.run(HostConfig.java:1878)
	at java.util.concurrent.Executors$RunnableAdapter.call(Executors.java:511)
	at java.util.concurrent.FutureTask.run(FutureTask.java:266)
	at java.util.concurrent.ThreadPoolExecutor.runWorker(ThreadPoolExecutor.java:1142)
	at java.util.concurrent.ThreadPoolExecutor$Worker.run(ThreadPoolExecutor.java:617)
	at java.lang.Thread.run(Thread.java:745)
Caused by: org.apache.catalina.LifecycleException: Failed to start component [Pipeline[StandardEngine[Catalina].StandardHost[localhost].StandardContext[/manager]]]
	at org.apache.catalina.util.LifecycleBase.start(LifecycleBase.java:167)
	at org.apache.catalina.core.StandardContext.startInternal(StandardContext.java:5117)
	at org.apache.catalina.util.LifecycleBase.start(LifecycleBase.java:150)
	... 10 more
Caused by: org.apache.catalina.LifecycleException: Failed to start component [org.apache.catalina.authenticator.BasicAuthenticator[/manager]]
	at org.apache.catalina.util.LifecycleBase.start(LifecycleBase.java:167)
	at org.apache.catalina.core.StandardPipeline.startInternal(StandardPipeline.java:182)
	at org.apache.catalina.util.LifecycleBase.start(LifecycleBase.java:150)
	... 12 more
Caused by: java.lang.NoSuchMethodError: javax.servlet.ServletContext.getVirtualServerName()Ljava/lang/String;
	at org.apache.catalina.authenticator.AuthenticatorBase.startInternal(AuthenticatorBase.java:1141)
	at org.apache.catalina.util.LifecycleBase.start(LifecycleBase.java:150)
	... 14 more

16-Nov-2017 16:04:46.619 SEVERE [localhost-startStop-1] org.apache.catalina.startup.HostConfig.deployDirectory Error deploying web application directory [/home/likewise-open/ZOHOCORP/naran-3387/Documents/Labs/ZCode/tcp_proxy/tcp2https/apache-tomcat-8.5.23/webapps/manager]
 java.lang.IllegalStateException: ContainerBase.addChild: start: org.apache.catalina.LifecycleException: Failed to start component [StandardEngine[Catalina].StandardHost[localhost].StandardContext[/manager]]
	at org.apache.catalina.core.ContainerBase.addChildInternal(ContainerBase.java:756)
	at org.apache.catalina.core.ContainerBase.addChild(ContainerBase.java:728)
	at org.apache.catalina.core.StandardHost.addChild(StandardHost.java:734)
	at org.apache.catalina.startup.HostConfig.deployDirectory(HostConfig.java:1144)
	at org.apache.catalina.startup.HostConfig$DeployDirectory.run(HostConfig.java:1878)
	at java.util.concurrent.Executors$RunnableAdapter.call(Executors.java:511)
	at java.util.concurrent.FutureTask.run(FutureTask.java:266)
	at java.util.concurrent.ThreadPoolExecutor.runWorker(ThreadPoolExecutor.java:1142)
	at java.util.concurrent.ThreadPoolExecutor$Worker.run(ThreadPoolExecutor.java:617)
	at java.lang.Thread.run(Thread.java:745)

16-Nov-2017 16:04:46.619 INFO [localhost-startStop-1] org.apache.catalina.startup.HostConfig.deployDirectory Deployment of web application directory [/home/likewise-open/ZOHOCORP/naran-3387/Documents/Labs/ZCode/tcp_proxy/tcp2https/apache-tomcat-8.5.23/webapps/manager] has finished in [15] ms
16-Nov-2017 16:04:46.619 INFO [localhost-startStop-1] org.apache.catalina.startup.HostConfig.deployDirectory Deploying web application directory [/home/likewise-open/ZOHOCORP/naran-3387/Documents/Labs/ZCode/tcp_proxy/tcp2https/apache-tomcat-8.5.23/webapps/docs]
16-Nov-2017 16:04:46.632 INFO [localhost-startStop-1] org.apache.catalina.startup.HostConfig.deployDirectory Deployment of web application directory [/home/likewise-open/ZOHOCORP/naran-3387/Documents/Labs/ZCode/tcp_proxy/tcp2https/apache-tomcat-8.5.23/webapps/docs] has finished in [13] ms
16-Nov-2017 16:04:46.635 INFO [main] org.apache.coyote.AbstractProtocol.start Starting ProtocolHandler ["http-nio-7777"]
16-Nov-2017 16:04:46.641 INFO [main] org.apache.coyote.AbstractProtocol.start Starting ProtocolHandler ["ajp-nio-8009"]
16-Nov-2017 16:04:46.643 INFO [main] org.apache.catalina.startup.Catalina.start Server startup in 463 ms
16-Nov-2017 16:19:11.600 INFO [http-nio-7777-exec-1] HTTP2TCPServlet.convertHttp2Tcp *********Starting the convertion (HTTP -> TCP) ***********
16-Nov-2017 16:19:11.600 INFO [http-nio-7777-exec-1] HTTP2TCPServlet.convertHttp2Tcp Received Auth Header ::SimpleAuth
16-Nov-2017 16:19:11.600 INFO [http-nio-7777-exec-1] HTTP2TCPServlet.convertHttp2Tcp DFS IP: 127.0.0.1  DFS Port: 50020
16-Nov-2017 16:19:11.604 INFO [http-nio-7777-exec-1] HTTP2TCPServlet.convertHttp2Tcp ********* Piping http req to socket req *********
16-Nov-2017 16:19:11.604 INFO [http-nio-7777-exec-1] HTTP2TCPServlet.convertHttp2Tcp ********* Piping socket res to http res *********
16-Nov-2017 16:19:11.607 INFO [http-nio-7777-exec-1] HTTP2TCPServlet.convertHttp2Tcp ********* Closing the resoureces *********
16-Nov-2017 16:26:22.528 INFO [http-nio-7777-exec-2] HTTP2TCPServlet.convertHttp2Tcp *********Starting the convertion (HTTP -> TCP) ***********
16-Nov-2017 16:26:22.528 INFO [http-nio-7777-exec-2] HTTP2TCPServlet.convertHttp2Tcp Received Auth Header ::SimpleAuth
16-Nov-2017 16:26:22.528 INFO [http-nio-7777-exec-2] HTTP2TCPServlet.convertHttp2Tcp DFS IP: 127.0.0.1  DFS Port: 54310
16-Nov-2017 16:26:22.938 INFO [http-nio-7777-exec-3] HTTP2TCPServlet.convertHttp2Tcp *********Starting the convertion (HTTP -> TCP) ***********
16-Nov-2017 16:26:22.938 INFO [http-nio-7777-exec-3] HTTP2TCPServlet.convertHttp2Tcp Received Auth Header ::SimpleAuth
16-Nov-2017 16:26:22.938 INFO [http-nio-7777-exec-3] HTTP2TCPServlet.convertHttp2Tcp DFS IP: 127.0.0.1  DFS Port: 54310
16-Nov-2017 16:28:22.543 INFO [http-nio-7777-exec-4] HTTP2TCPServlet.convertHttp2Tcp *********Starting the convertion (HTTP -> TCP) ***********
16-Nov-2017 16:28:22.543 INFO [http-nio-7777-exec-4] HTTP2TCPServlet.convertHttp2Tcp Received Auth Header ::SimpleAuth
16-Nov-2017 16:28:22.544 INFO [http-nio-7777-exec-4] HTTP2TCPServlet.convertHttp2Tcp DFS IP: 127.0.0.1  DFS Port: 54310
16-Nov-2017 16:30:03.422 INFO [http-nio-7777-exec-5] HTTP2TCPServlet.convertHttp2Tcp *********Starting the convertion (HTTP -> TCP) ***********
16-Nov-2017 16:30:03.422 INFO [http-nio-7777-exec-5] HTTP2TCPServlet.convertHttp2Tcp Received Auth Header ::SimpleAuth
16-Nov-2017 16:30:03.422 INFO [http-nio-7777-exec-5] HTTP2TCPServlet.convertHttp2Tcp DFS IP: 127.0.0.1  DFS Port: 54310
16-Nov-2017 16:33:23.095 INFO [http-nio-7777-exec-8] HTTP2TCPServlet.convertHttp2Tcp *********Starting the convertion (HTTP -> TCP) ***********
16-Nov-2017 16:33:23.096 INFO [http-nio-7777-exec-8] HTTP2TCPServlet.convertHttp2Tcp Received Auth Header ::SimpleAuth
16-Nov-2017 16:33:23.096 INFO [http-nio-7777-exec-8] HTTP2TCPServlet.convertHttp2Tcp DFS IP: 192.168.225.91  DFS Port: 54310
16-Nov-2017 16:35:10.511 INFO [http-nio-7777-exec-10] HTTP2TCPServlet.convertHttp2Tcp *********Starting the convertion (HTTP -> TCP) ***********
16-Nov-2017 16:35:10.512 INFO [http-nio-7777-exec-10] HTTP2TCPServlet.convertHttp2Tcp Received Auth Header ::SimpleAuth
16-Nov-2017 16:35:10.512 INFO [http-nio-7777-exec-10] HTTP2TCPServlet.convertHttp2Tcp DFS IP: 127.0.0.1  DFS Port: 54310
16-Nov-2017 16:37:14.748 INFO [http-nio-7777-exec-9] HTTP2TCPServlet.convertHttp2Tcp *********Starting the convertion (HTTP -> TCP) ***********
16-Nov-2017 16:37:14.748 INFO [http-nio-7777-exec-9] HTTP2TCPServlet.convertHttp2Tcp Received Auth Header ::SimpleAuth
16-Nov-2017 16:37:14.749 INFO [http-nio-7777-exec-9] HTTP2TCPServlet.convertHttp2Tcp DFS IP: 192.168.225.91  DFS Port: 54310
16-Nov-2017 18:27:36.635 INFO [http-nio-7777-exec-3] HTTP2TCPServlet.convertHttp2Tcp *********Starting the convertion (HTTP -> TCP) ***********
16-Nov-2017 18:27:36.635 INFO [http-nio-7777-exec-3] HTTP2TCPServlet.convertHttp2Tcp Received Auth Header ::SimpleAuth
16-Nov-2017 18:27:36.635 INFO [http-nio-7777-exec-3] HTTP2TCPServlet.convertHttp2Tcp DFS IP: 127.0.0.1  DFS Port: 50020
16-Nov-2017 20:26:06.289 INFO [Thread-5] org.apache.coyote.AbstractProtocol.pause Pausing ProtocolHandler ["http-nio-7777"]
16-Nov-2017 20:26:06.341 INFO [Thread-5] org.apache.coyote.AbstractProtocol.pause Pausing ProtocolHandler ["https-jsse-nio-8443"]
16-Nov-2017 20:26:06.341 INFO [Thread-5] org.apache.coyote.AbstractProtocol.pause Pausing ProtocolHandler ["ajp-nio-8009"]
16-Nov-2017 20:26:06.391 INFO [Thread-5] org.apache.catalina.core.StandardService.stopInternal Stopping service [Catalina]
16-Nov-2017 20:26:06.405 INFO [Thread-5] org.apache.coyote.AbstractProtocol.stop Stopping ProtocolHandler ["http-nio-7777"]
16-Nov-2017 20:26:06.407 INFO [Thread-5] org.apache.coyote.AbstractProtocol.stop Stopping ProtocolHandler ["ajp-nio-8009"]
16-Nov-2017 20:26:06.407 INFO [Thread-5] org.apache.coyote.AbstractProtocol.destroy Destroying ProtocolHandler ["http-nio-7777"]
16-Nov-2017 20:26:06.408 INFO [Thread-5] org.apache.coyote.AbstractProtocol.stop Stopping ProtocolHandler ["https-jsse-nio-8443"]
16-Nov-2017 20:26:06.408 INFO [Thread-5] org.apache.coyote.AbstractProtocol.destroy Destroying ProtocolHandler ["https-jsse-nio-8443"]
16-Nov-2017 20:26:06.408 INFO [Thread-5] org.apache.coyote.AbstractProtocol.destroy Destroying ProtocolHandler ["ajp-nio-8009"]
