07-Oct-2017 19:54:57.727 INFO [main] org.apache.catalina.startup.VersionLoggerListener.log Server version:        Apache Tomcat/8.5.23
07-Oct-2017 19:54:57.737 INFO [main] org.apache.catalina.startup.VersionLoggerListener.log Server built:          Sep 28 2017 10:30:11 UTC
07-Oct-2017 19:54:57.738 INFO [main] org.apache.catalina.startup.VersionLoggerListener.log Server number:         8.5.23.0
07-Oct-2017 19:54:57.738 INFO [main] org.apache.catalina.startup.VersionLoggerListener.log OS Name:               Linux
07-Oct-2017 19:54:57.738 INFO [main] org.apache.catalina.startup.VersionLoggerListener.log OS Version:            4.4.0-80-generic
07-Oct-2017 19:54:57.738 INFO [main] org.apache.catalina.startup.VersionLoggerListener.log Architecture:          amd64
07-Oct-2017 19:54:57.738 INFO [main] org.apache.catalina.startup.VersionLoggerListener.log Java Home:             /home/likewise-open/ZOHOCORP/naran-3387/Softwares/Languages/java/jdk1.8.0_40/jre
07-Oct-2017 19:54:57.738 INFO [main] org.apache.catalina.startup.VersionLoggerListener.log JVM Version:           1.8.0_40-b25
07-Oct-2017 19:54:57.738 INFO [main] org.apache.catalina.startup.VersionLoggerListener.log JVM Vendor:            Oracle Corporation
07-Oct-2017 19:54:57.739 INFO [main] org.apache.catalina.startup.VersionLoggerListener.log CATALINA_BASE:         /home/likewise-open/ZOHOCORP/naran-3387/Documents/Labs/ZCode/tcp_proxy/tcp2https/apache-tomcat-8.5.23
07-Oct-2017 19:54:57.739 INFO [main] org.apache.catalina.startup.VersionLoggerListener.log CATALINA_HOME:         /home/likewise-open/ZOHOCORP/naran-3387/Documents/Labs/ZCode/tcp_proxy/tcp2https/apache-tomcat-8.5.23
07-Oct-2017 19:54:57.739 INFO [main] org.apache.catalina.startup.VersionLoggerListener.log Command line argument: -Djava.util.logging.config.file=/home/likewise-open/ZOHOCORP/naran-3387/Documents/Labs/ZCode/tcp_proxy/tcp2https/apache-tomcat-8.5.23/conf/logging.properties
07-Oct-2017 19:54:57.739 INFO [main] org.apache.catalina.startup.VersionLoggerListener.log Command line argument: -Djava.util.logging.manager=org.apache.juli.ClassLoaderLogManager
07-Oct-2017 19:54:57.739 INFO [main] org.apache.catalina.startup.VersionLoggerListener.log Command line argument: -Djdk.tls.ephemeralDHKeySize=2048
07-Oct-2017 19:54:57.739 INFO [main] org.apache.catalina.startup.VersionLoggerListener.log Command line argument: -Djava.protocol.handler.pkgs=org.apache.catalina.webresources
07-Oct-2017 19:54:57.739 INFO [main] org.apache.catalina.startup.VersionLoggerListener.log Command line argument: -Dcatalina.base=/home/likewise-open/ZOHOCORP/naran-3387/Documents/Labs/ZCode/tcp_proxy/tcp2https/apache-tomcat-8.5.23
07-Oct-2017 19:54:57.740 INFO [main] org.apache.catalina.startup.VersionLoggerListener.log Command line argument: -Dcatalina.home=/home/likewise-open/ZOHOCORP/naran-3387/Documents/Labs/ZCode/tcp_proxy/tcp2https/apache-tomcat-8.5.23
07-Oct-2017 19:54:57.740 INFO [main] org.apache.catalina.startup.VersionLoggerListener.log Command line argument: -Djava.io.tmpdir=/home/likewise-open/ZOHOCORP/naran-3387/Documents/Labs/ZCode/tcp_proxy/tcp2https/apache-tomcat-8.5.23/temp
07-Oct-2017 19:54:57.740 INFO [main] org.apache.catalina.core.AprLifecycleListener.lifecycleEvent The APR based Apache Tomcat Native library which allows optimal performance in production environments was not found on the java.library.path: [/usr/java/packages/lib/amd64:/usr/lib64:/lib64:/lib:/usr/lib]
07-Oct-2017 19:54:57.961 INFO [main] org.apache.coyote.AbstractProtocol.init Initializing ProtocolHandler ["http-nio-7777"]
07-Oct-2017 19:54:57.984 INFO [main] org.apache.tomcat.util.net.NioSelectorPool.getSharedSelector Using a shared selector for servlet write/read
07-Oct-2017 19:54:57.988 INFO [main] org.apache.coyote.AbstractProtocol.init Initializing ProtocolHandler ["ajp-nio-8009"]
07-Oct-2017 19:54:57.990 INFO [main] org.apache.tomcat.util.net.NioSelectorPool.getSharedSelector Using a shared selector for servlet write/read
07-Oct-2017 19:54:57.991 INFO [main] org.apache.catalina.startup.Catalina.load Initialization processed in 810 ms
07-Oct-2017 19:54:58.021 INFO [main] org.apache.catalina.core.StandardService.startInternal Starting service [Catalina]
07-Oct-2017 19:54:58.021 INFO [main] org.apache.catalina.core.StandardEngine.startInternal Starting Servlet Engine: Apache Tomcat/8.5.23
07-Oct-2017 19:54:58.032 INFO [localhost-startStop-1] org.apache.catalina.startup.HostConfig.deployDirectory Deploying web application directory [/home/likewise-open/ZOHOCORP/naran-3387/Documents/Labs/ZCode/tcp_proxy/tcp2https/apache-tomcat-8.5.23/webapps/host-manager]
07-Oct-2017 19:54:58.147 WARNING [localhost-startStop-1] org.apache.tomcat.util.descriptor.DigesterFactory.locationFor The XML schema [web-jsptaglibrary_1_1.dtd] could not be found. This is very likely to break XML validation if XML validation is enabled.
07-Oct-2017 19:54:58.147 WARNING [localhost-startStop-1] org.apache.tomcat.util.descriptor.DigesterFactory.locationFor The XML schema [web-jsptaglibrary_1_2.dtd] could not be found. This is very likely to break XML validation if XML validation is enabled.
07-Oct-2017 19:54:58.147 WARNING [localhost-startStop-1] org.apache.tomcat.util.descriptor.DigesterFactory.locationFor The XML schema [web-jsptaglibrary_2_0.xsd] could not be found. This is very likely to break XML validation if XML validation is enabled.
07-Oct-2017 19:54:58.148 WARNING [localhost-startStop-1] org.apache.tomcat.util.descriptor.DigesterFactory.locationFor The XML schema [jsp_2_0.xsd] could not be found. This is very likely to break XML validation if XML validation is enabled.
07-Oct-2017 19:54:58.148 WARNING [localhost-startStop-1] org.apache.tomcat.util.descriptor.DigesterFactory.locationFor The XML schema [web-jsptaglibrary_2_1.xsd] could not be found. This is very likely to break XML validation if XML validation is enabled.
07-Oct-2017 19:54:58.148 WARNING [localhost-startStop-1] org.apache.tomcat.util.descriptor.DigesterFactory.locationFor The XML schema [jsp_2_1.xsd] could not be found. This is very likely to break XML validation if XML validation is enabled.
07-Oct-2017 19:54:58.149 WARNING [localhost-startStop-1] org.apache.tomcat.util.descriptor.DigesterFactory.locationFor The XML schema [jsp_2_2.xsd] could not be found. This is very likely to break XML validation if XML validation is enabled.
07-Oct-2017 19:54:58.149 WARNING [localhost-startStop-1] org.apache.tomcat.util.descriptor.DigesterFactory.locationFor The XML schema [web-app_3_1.xsd] could not be found. This is very likely to break XML validation if XML validation is enabled.
07-Oct-2017 19:54:58.149 WARNING [localhost-startStop-1] org.apache.tomcat.util.descriptor.DigesterFactory.locationFor The XML schema [web-fragment_3_1.xsd] could not be found. This is very likely to break XML validation if XML validation is enabled.
07-Oct-2017 19:54:58.149 WARNING [localhost-startStop-1] org.apache.tomcat.util.descriptor.DigesterFactory.locationFor The XML schema [web-common_3_1.xsd] could not be found. This is very likely to break XML validation if XML validation is enabled.
07-Oct-2017 19:54:58.150 WARNING [localhost-startStop-1] org.apache.tomcat.util.descriptor.DigesterFactory.locationFor The XML schema [javaee_7.xsd] could not be found. This is very likely to break XML validation if XML validation is enabled.
07-Oct-2017 19:54:58.150 WARNING [localhost-startStop-1] org.apache.tomcat.util.descriptor.DigesterFactory.locationFor The XML schema [jsp_2_3.xsd] could not be found. This is very likely to break XML validation if XML validation is enabled.
07-Oct-2017 19:54:58.150 WARNING [localhost-startStop-1] org.apache.tomcat.util.descriptor.DigesterFactory.locationFor The XML schema [javaee_web_services_1_4.xsd] could not be found. This is very likely to break XML validation if XML validation is enabled.
07-Oct-2017 19:54:58.150 WARNING [localhost-startStop-1] org.apache.tomcat.util.descriptor.DigesterFactory.locationFor The XML schema [javaee_web_services_client_1_4.xsd] could not be found. This is very likely to break XML validation if XML validation is enabled.
07-Oct-2017 19:54:58.431 SEVERE [localhost-startStop-1] org.apache.catalina.core.ContainerBase.addChildInternal ContainerBase.addChild: start: 
 org.apache.catalina.LifecycleException: Failed to start component [StandardEngine[Catalina].StandardHost[localhost].StandardContext[/host-manager]]
	at org.apache.catalina.util.LifecycleBase.start(LifecycleBase.java:167)
	at org.apache.catalina.core.ContainerBase.addChildInternal(ContainerBase.java:752)
	at org.apache.catalina.core.ContainerBase.addChild(ContainerBase.java:728)
	at org.apache.catalina.core.StandardHost.addChild(StandardHost.java:734)
	at org.apache.catalina.startup.HostConfig.deployDirectory(HostConfig.java:1144)
	at org.apache.catalina.startup.HostConfig$DeployDirectory.run(HostConfig.java:1878)
	at java.util.concurrent.Executors$RunnableAdapter.call(Executors.java:511)
	at java.util.concurrent.FutureTask.run(FutureTask.java:266)
	at java.util.concurrent.ThreadPoolExecutor.runWorker(ThreadPoolExecutor.java:1142)
	at java.util.concurrent.ThreadPoolExecutor$Worker.run(ThreadPoolExecutor.java:617)
	at java.lang.Thread.run(Thread.java:745)
Caused by: org.apache.catalina.LifecycleException: Failed to start component [Pipeline[StandardEngine[Catalina].StandardHost[localhost].StandardContext[/host-manager]]]
	at org.apache.catalina.util.LifecycleBase.start(LifecycleBase.java:167)
	at org.apache.catalina.core.StandardContext.startInternal(StandardContext.java:5117)
	at org.apache.catalina.util.LifecycleBase.start(LifecycleBase.java:150)
	... 10 more
Caused by: org.apache.catalina.LifecycleException: Failed to start component [org.apache.catalina.authenticator.BasicAuthenticator[/host-manager]]
	at org.apache.catalina.util.LifecycleBase.start(LifecycleBase.java:167)
	at org.apache.catalina.core.StandardPipeline.startInternal(StandardPipeline.java:182)
	at org.apache.catalina.util.LifecycleBase.start(LifecycleBase.java:150)
	... 12 more
Caused by: java.lang.NoSuchMethodError: javax.servlet.ServletContext.getVirtualServerName()Ljava/lang/String;
	at org.apache.catalina.authenticator.AuthenticatorBase.startInternal(AuthenticatorBase.java:1141)
	at org.apache.catalina.util.LifecycleBase.start(LifecycleBase.java:150)
	... 14 more

07-Oct-2017 19:54:58.441 SEVERE [localhost-startStop-1] org.apache.catalina.startup.HostConfig.deployDirectory Error deploying web application directory [/home/likewise-open/ZOHOCORP/naran-3387/Documents/Labs/ZCode/tcp_proxy/tcp2https/apache-tomcat-8.5.23/webapps/host-manager]
 java.lang.IllegalStateException: ContainerBase.addChild: start: org.apache.catalina.LifecycleException: Failed to start component [StandardEngine[Catalina].StandardHost[localhost].StandardContext[/host-manager]]
	at org.apache.catalina.core.ContainerBase.addChildInternal(ContainerBase.java:756)
	at org.apache.catalina.core.ContainerBase.addChild(ContainerBase.java:728)
	at org.apache.catalina.core.StandardHost.addChild(StandardHost.java:734)
	at org.apache.catalina.startup.HostConfig.deployDirectory(HostConfig.java:1144)
	at org.apache.catalina.startup.HostConfig$DeployDirectory.run(HostConfig.java:1878)
	at java.util.concurrent.Executors$RunnableAdapter.call(Executors.java:511)
	at java.util.concurrent.FutureTask.run(FutureTask.java:266)
	at java.util.concurrent.ThreadPoolExecutor.runWorker(ThreadPoolExecutor.java:1142)
	at java.util.concurrent.ThreadPoolExecutor$Worker.run(ThreadPoolExecutor.java:617)
	at java.lang.Thread.run(Thread.java:745)

07-Oct-2017 19:54:58.442 INFO [localhost-startStop-1] org.apache.catalina.startup.HostConfig.deployDirectory Deployment of web application directory [/home/likewise-open/ZOHOCORP/naran-3387/Documents/Labs/ZCode/tcp_proxy/tcp2https/apache-tomcat-8.5.23/webapps/host-manager] has finished in [410] ms
07-Oct-2017 19:54:58.443 INFO [localhost-startStop-1] org.apache.catalina.startup.HostConfig.deployDirectory Deploying web application directory [/home/likewise-open/ZOHOCORP/naran-3387/Documents/Labs/ZCode/tcp_proxy/tcp2https/apache-tomcat-8.5.23/webapps/examples]
07-Oct-2017 19:54:58.673 SEVERE [localhost-startStop-1] org.apache.catalina.core.ContainerBase.addChildInternal ContainerBase.addChild: start: 
 org.apache.catalina.LifecycleException: Failed to start component [StandardEngine[Catalina].StandardHost[localhost].StandardContext[/examples]]
	at org.apache.catalina.util.LifecycleBase.start(LifecycleBase.java:167)
	at org.apache.catalina.core.ContainerBase.addChildInternal(ContainerBase.java:752)
	at org.apache.catalina.core.ContainerBase.addChild(ContainerBase.java:728)
	at org.apache.catalina.core.StandardHost.addChild(StandardHost.java:734)
	at org.apache.catalina.startup.HostConfig.deployDirectory(HostConfig.java:1144)
	at org.apache.catalina.startup.HostConfig$DeployDirectory.run(HostConfig.java:1878)
	at java.util.concurrent.Executors$RunnableAdapter.call(Executors.java:511)
	at java.util.concurrent.FutureTask.run(FutureTask.java:266)
	at java.util.concurrent.ThreadPoolExecutor.runWorker(ThreadPoolExecutor.java:1142)
	at java.util.concurrent.ThreadPoolExecutor$Worker.run(ThreadPoolExecutor.java:617)
	at java.lang.Thread.run(Thread.java:745)
Caused by: org.apache.catalina.LifecycleException: Failed to start component [Pipeline[StandardEngine[Catalina].StandardHost[localhost].StandardContext[/examples]]]
	at org.apache.catalina.util.LifecycleBase.start(LifecycleBase.java:167)
	at org.apache.catalina.core.StandardContext.startInternal(StandardContext.java:5117)
	at org.apache.catalina.util.LifecycleBase.start(LifecycleBase.java:150)
	... 10 more
Caused by: org.apache.catalina.LifecycleException: Failed to start component [org.apache.catalina.authenticator.FormAuthenticator[/examples]]
	at org.apache.catalina.util.LifecycleBase.start(LifecycleBase.java:167)
	at org.apache.catalina.core.StandardPipeline.startInternal(StandardPipeline.java:182)
	at org.apache.catalina.util.LifecycleBase.start(LifecycleBase.java:150)
	... 12 more
Caused by: java.lang.NoSuchMethodError: javax.servlet.ServletContext.getVirtualServerName()Ljava/lang/String;
	at org.apache.catalina.authenticator.AuthenticatorBase.startInternal(AuthenticatorBase.java:1141)
	at org.apache.catalina.util.LifecycleBase.start(LifecycleBase.java:150)
	... 14 more

07-Oct-2017 19:54:58.673 SEVERE [localhost-startStop-1] org.apache.catalina.startup.HostConfig.deployDirectory Error deploying web application directory [/home/likewise-open/ZOHOCORP/naran-3387/Documents/Labs/ZCode/tcp_proxy/tcp2https/apache-tomcat-8.5.23/webapps/examples]
 java.lang.IllegalStateException: ContainerBase.addChild: start: org.apache.catalina.LifecycleException: Failed to start component [StandardEngine[Catalina].StandardHost[localhost].StandardContext[/examples]]
	at org.apache.catalina.core.ContainerBase.addChildInternal(ContainerBase.java:756)
	at org.apache.catalina.core.ContainerBase.addChild(ContainerBase.java:728)
	at org.apache.catalina.core.StandardHost.addChild(StandardHost.java:734)
	at org.apache.catalina.startup.HostConfig.deployDirectory(HostConfig.java:1144)
	at org.apache.catalina.startup.HostConfig$DeployDirectory.run(HostConfig.java:1878)
	at java.util.concurrent.Executors$RunnableAdapter.call(Executors.java:511)
	at java.util.concurrent.FutureTask.run(FutureTask.java:266)
	at java.util.concurrent.ThreadPoolExecutor.runWorker(ThreadPoolExecutor.java:1142)
	at java.util.concurrent.ThreadPoolExecutor$Worker.run(ThreadPoolExecutor.java:617)
	at java.lang.Thread.run(Thread.java:745)

07-Oct-2017 19:54:58.674 INFO [localhost-startStop-1] org.apache.catalina.startup.HostConfig.deployDirectory Deployment of web application directory [/home/likewise-open/ZOHOCORP/naran-3387/Documents/Labs/ZCode/tcp_proxy/tcp2https/apache-tomcat-8.5.23/webapps/examples] has finished in [231] ms
07-Oct-2017 19:54:58.674 INFO [localhost-startStop-1] org.apache.catalina.startup.HostConfig.deployDirectory Deploying web application directory [/home/likewise-open/ZOHOCORP/naran-3387/Documents/Labs/ZCode/tcp_proxy/tcp2https/apache-tomcat-8.5.23/webapps/ROOT]
07-Oct-2017 19:54:58.783 INFO [localhost-startStop-1] org.apache.catalina.startup.HostConfig.deployDirectory Deployment of web application directory [/home/likewise-open/ZOHOCORP/naran-3387/Documents/Labs/ZCode/tcp_proxy/tcp2https/apache-tomcat-8.5.23/webapps/ROOT] has finished in [109] ms
07-Oct-2017 19:54:58.783 INFO [localhost-startStop-1] org.apache.catalina.startup.HostConfig.deployDirectory Deploying web application directory [/home/likewise-open/ZOHOCORP/naran-3387/Documents/Labs/ZCode/tcp_proxy/tcp2https/apache-tomcat-8.5.23/webapps/manager]
07-Oct-2017 19:54:58.800 SEVERE [localhost-startStop-1] org.apache.catalina.core.ContainerBase.addChildInternal ContainerBase.addChild: start: 
 org.apache.catalina.LifecycleException: Failed to start component [StandardEngine[Catalina].StandardHost[localhost].StandardContext[/manager]]
	at org.apache.catalina.util.LifecycleBase.start(LifecycleBase.java:167)
	at org.apache.catalina.core.ContainerBase.addChildInternal(ContainerBase.java:752)
	at org.apache.catalina.core.ContainerBase.addChild(ContainerBase.java:728)
	at org.apache.catalina.core.StandardHost.addChild(StandardHost.java:734)
	at org.apache.catalina.startup.HostConfig.deployDirectory(HostConfig.java:1144)
	at org.apache.catalina.startup.HostConfig$DeployDirectory.run(HostConfig.java:1878)
	at java.util.concurrent.Executors$RunnableAdapter.call(Executors.java:511)
	at java.util.concurrent.FutureTask.run(FutureTask.java:266)
	at java.util.concurrent.ThreadPoolExecutor.runWorker(ThreadPoolExecutor.java:1142)
	at java.util.concurrent.ThreadPoolExecutor$Worker.run(ThreadPoolExecutor.java:617)
	at java.lang.Thread.run(Thread.java:745)
Caused by: org.apache.catalina.LifecycleException: Failed to start component [Pipeline[StandardEngine[Catalina].StandardHost[localhost].StandardContext[/manager]]]
	at org.apache.catalina.util.LifecycleBase.start(LifecycleBase.java:167)
	at org.apache.catalina.core.StandardContext.startInternal(StandardContext.java:5117)
	at org.apache.catalina.util.LifecycleBase.start(LifecycleBase.java:150)
	... 10 more
Caused by: org.apache.catalina.LifecycleException: Failed to start component [org.apache.catalina.authenticator.BasicAuthenticator[/manager]]
	at org.apache.catalina.util.LifecycleBase.start(LifecycleBase.java:167)
	at org.apache.catalina.core.StandardPipeline.startInternal(StandardPipeline.java:182)
	at org.apache.catalina.util.LifecycleBase.start(LifecycleBase.java:150)
	... 12 more
Caused by: java.lang.NoSuchMethodError: javax.servlet.ServletContext.getVirtualServerName()Ljava/lang/String;
	at org.apache.catalina.authenticator.AuthenticatorBase.startInternal(AuthenticatorBase.java:1141)
	at org.apache.catalina.util.LifecycleBase.start(LifecycleBase.java:150)
	... 14 more

07-Oct-2017 19:54:58.800 SEVERE [localhost-startStop-1] org.apache.catalina.startup.HostConfig.deployDirectory Error deploying web application directory [/home/likewise-open/ZOHOCORP/naran-3387/Documents/Labs/ZCode/tcp_proxy/tcp2https/apache-tomcat-8.5.23/webapps/manager]
 java.lang.IllegalStateException: ContainerBase.addChild: start: org.apache.catalina.LifecycleException: Failed to start component [StandardEngine[Catalina].StandardHost[localhost].StandardContext[/manager]]
	at org.apache.catalina.core.ContainerBase.addChildInternal(ContainerBase.java:756)
	at org.apache.catalina.core.ContainerBase.addChild(ContainerBase.java:728)
	at org.apache.catalina.core.StandardHost.addChild(StandardHost.java:734)
	at org.apache.catalina.startup.HostConfig.deployDirectory(HostConfig.java:1144)
	at org.apache.catalina.startup.HostConfig$DeployDirectory.run(HostConfig.java:1878)
	at java.util.concurrent.Executors$RunnableAdapter.call(Executors.java:511)
	at java.util.concurrent.FutureTask.run(FutureTask.java:266)
	at java.util.concurrent.ThreadPoolExecutor.runWorker(ThreadPoolExecutor.java:1142)
	at java.util.concurrent.ThreadPoolExecutor$Worker.run(ThreadPoolExecutor.java:617)
	at java.lang.Thread.run(Thread.java:745)

07-Oct-2017 19:54:58.800 INFO [localhost-startStop-1] org.apache.catalina.startup.HostConfig.deployDirectory Deployment of web application directory [/home/likewise-open/ZOHOCORP/naran-3387/Documents/Labs/ZCode/tcp_proxy/tcp2https/apache-tomcat-8.5.23/webapps/manager] has finished in [17] ms
07-Oct-2017 19:54:58.801 INFO [localhost-startStop-1] org.apache.catalina.startup.HostConfig.deployDirectory Deploying web application directory [/home/likewise-open/ZOHOCORP/naran-3387/Documents/Labs/ZCode/tcp_proxy/tcp2https/apache-tomcat-8.5.23/webapps/docs]
07-Oct-2017 19:54:58.815 INFO [localhost-startStop-1] org.apache.catalina.startup.HostConfig.deployDirectory Deployment of web application directory [/home/likewise-open/ZOHOCORP/naran-3387/Documents/Labs/ZCode/tcp_proxy/tcp2https/apache-tomcat-8.5.23/webapps/docs] has finished in [14] ms
07-Oct-2017 19:54:58.817 INFO [main] org.apache.coyote.AbstractProtocol.start Starting ProtocolHandler ["http-nio-7777"]
07-Oct-2017 19:54:58.830 INFO [main] org.apache.coyote.AbstractProtocol.start Starting ProtocolHandler ["ajp-nio-8009"]
07-Oct-2017 19:54:58.831 INFO [main] org.apache.catalina.startup.Catalina.start Server startup in 840 ms
07-Oct-2017 19:57:26.045 INFO [http-nio-7777-exec-1] HTTP2TCPServlet.convertHttp2Tcp *********Starting the convertion (HTTP -> TCP) ***********
07-Oct-2017 19:57:26.054 INFO [http-nio-7777-exec-1] HTTP2TCPServlet.convertHttp2Tcp ********* Piping http req to socket req *********
07-Oct-2017 19:57:26.059 INFO [http-nio-7777-exec-1] HTTP2TCPServlet.convertHttp2Tcp ********* Piping socket res to http res *********
07-Oct-2017 19:57:27.951 INFO [http-nio-7777-exec-1] HTTP2TCPServlet.convertHttp2Tcp ********* Closing the resoureces *********
07-Oct-2017 20:15:08.313 INFO [http-nio-7777-exec-3] HTTP2TCPServlet.convertHttp2Tcp *********Starting the convertion (HTTP -> TCP) ***********
07-Oct-2017 20:15:08.314 INFO [http-nio-7777-exec-3] HTTP2TCPServlet.convertHttp2Tcp ********* Piping http req to socket req *********
07-Oct-2017 20:15:08.316 INFO [http-nio-7777-exec-3] HTTP2TCPServlet.convertHttp2Tcp ********* Piping socket res to http res *********
07-Oct-2017 20:15:10.750 INFO [http-nio-7777-exec-3] HTTP2TCPServlet.convertHttp2Tcp ********* Closing the resoureces *********
07-Oct-2017 20:26:20.066 INFO [main] org.apache.catalina.core.StandardServer.await A valid shutdown command was received via the shutdown port. Stopping the Server instance.
07-Oct-2017 20:26:20.067 INFO [main] org.apache.coyote.AbstractProtocol.pause Pausing ProtocolHandler ["http-nio-7777"]
07-Oct-2017 20:26:20.118 INFO [main] org.apache.coyote.AbstractProtocol.pause Pausing ProtocolHandler ["ajp-nio-8009"]
07-Oct-2017 20:26:20.169 INFO [main] org.apache.catalina.core.StandardService.stopInternal Stopping service [Catalina]
07-Oct-2017 20:26:20.190 INFO [main] org.apache.coyote.AbstractProtocol.stop Stopping ProtocolHandler ["http-nio-7777"]
07-Oct-2017 20:26:20.192 INFO [main] org.apache.coyote.AbstractProtocol.stop Stopping ProtocolHandler ["ajp-nio-8009"]
07-Oct-2017 20:26:20.193 INFO [main] org.apache.coyote.AbstractProtocol.destroy Destroying ProtocolHandler ["http-nio-7777"]
07-Oct-2017 20:26:20.194 INFO [main] org.apache.coyote.AbstractProtocol.destroy Destroying ProtocolHandler ["ajp-nio-8009"]
07-Oct-2017 20:26:24.392 INFO [main] org.apache.catalina.startup.VersionLoggerListener.log Server version:        Apache Tomcat/8.5.23
07-Oct-2017 20:26:24.394 INFO [main] org.apache.catalina.startup.VersionLoggerListener.log Server built:          Sep 28 2017 10:30:11 UTC
07-Oct-2017 20:26:24.395 INFO [main] org.apache.catalina.startup.VersionLoggerListener.log Server number:         8.5.23.0
07-Oct-2017 20:26:24.395 INFO [main] org.apache.catalina.startup.VersionLoggerListener.log OS Name:               Linux
07-Oct-2017 20:26:24.395 INFO [main] org.apache.catalina.startup.VersionLoggerListener.log OS Version:            4.4.0-80-generic
07-Oct-2017 20:26:24.395 INFO [main] org.apache.catalina.startup.VersionLoggerListener.log Architecture:          amd64
07-Oct-2017 20:26:24.395 INFO [main] org.apache.catalina.startup.VersionLoggerListener.log Java Home:             /home/likewise-open/ZOHOCORP/naran-3387/Softwares/Languages/java/jdk1.8.0_40/jre
07-Oct-2017 20:26:24.396 INFO [main] org.apache.catalina.startup.VersionLoggerListener.log JVM Version:           1.8.0_40-b25
07-Oct-2017 20:26:24.396 INFO [main] org.apache.catalina.startup.VersionLoggerListener.log JVM Vendor:            Oracle Corporation
07-Oct-2017 20:26:24.396 INFO [main] org.apache.catalina.startup.VersionLoggerListener.log CATALINA_BASE:         /home/likewise-open/ZOHOCORP/naran-3387/Documents/Labs/ZCode/tcp_proxy/tcp2https/apache-tomcat-8.5.23
07-Oct-2017 20:26:24.396 INFO [main] org.apache.catalina.startup.VersionLoggerListener.log CATALINA_HOME:         /home/likewise-open/ZOHOCORP/naran-3387/Documents/Labs/ZCode/tcp_proxy/tcp2https/apache-tomcat-8.5.23
07-Oct-2017 20:26:24.396 INFO [main] org.apache.catalina.startup.VersionLoggerListener.log Command line argument: -Djava.util.logging.config.file=/home/likewise-open/ZOHOCORP/naran-3387/Documents/Labs/ZCode/tcp_proxy/tcp2https/apache-tomcat-8.5.23/conf/logging.properties
07-Oct-2017 20:26:24.397 INFO [main] org.apache.catalina.startup.VersionLoggerListener.log Command line argument: -Djava.util.logging.manager=org.apache.juli.ClassLoaderLogManager
07-Oct-2017 20:26:24.397 INFO [main] org.apache.catalina.startup.VersionLoggerListener.log Command line argument: -Djdk.tls.ephemeralDHKeySize=2048
07-Oct-2017 20:26:24.397 INFO [main] org.apache.catalina.startup.VersionLoggerListener.log Command line argument: -Djava.protocol.handler.pkgs=org.apache.catalina.webresources
07-Oct-2017 20:26:24.397 INFO [main] org.apache.catalina.startup.VersionLoggerListener.log Command line argument: -Dcatalina.base=/home/likewise-open/ZOHOCORP/naran-3387/Documents/Labs/ZCode/tcp_proxy/tcp2https/apache-tomcat-8.5.23
07-Oct-2017 20:26:24.397 INFO [main] org.apache.catalina.startup.VersionLoggerListener.log Command line argument: -Dcatalina.home=/home/likewise-open/ZOHOCORP/naran-3387/Documents/Labs/ZCode/tcp_proxy/tcp2https/apache-tomcat-8.5.23
07-Oct-2017 20:26:24.397 INFO [main] org.apache.catalina.startup.VersionLoggerListener.log Command line argument: -Djava.io.tmpdir=/home/likewise-open/ZOHOCORP/naran-3387/Documents/Labs/ZCode/tcp_proxy/tcp2https/apache-tomcat-8.5.23/temp
07-Oct-2017 20:26:24.397 INFO [main] org.apache.catalina.core.AprLifecycleListener.lifecycleEvent The APR based Apache Tomcat Native library which allows optimal performance in production environments was not found on the java.library.path: [/usr/java/packages/lib/amd64:/usr/lib64:/lib64:/lib:/usr/lib]
07-Oct-2017 20:26:24.525 INFO [main] org.apache.coyote.AbstractProtocol.init Initializing ProtocolHandler ["http-nio-7777"]
07-Oct-2017 20:26:24.543 INFO [main] org.apache.tomcat.util.net.NioSelectorPool.getSharedSelector Using a shared selector for servlet write/read
07-Oct-2017 20:26:24.546 INFO [main] org.apache.coyote.AbstractProtocol.init Initializing ProtocolHandler ["ajp-nio-8009"]
07-Oct-2017 20:26:24.550 INFO [main] org.apache.tomcat.util.net.NioSelectorPool.getSharedSelector Using a shared selector for servlet write/read
07-Oct-2017 20:26:24.551 INFO [main] org.apache.catalina.startup.Catalina.load Initialization processed in 511 ms
07-Oct-2017 20:26:24.575 INFO [main] org.apache.catalina.core.StandardService.startInternal Starting service [Catalina]
07-Oct-2017 20:26:24.575 INFO [main] org.apache.catalina.core.StandardEngine.startInternal Starting Servlet Engine: Apache Tomcat/8.5.23
07-Oct-2017 20:26:24.584 INFO [localhost-startStop-1] org.apache.catalina.startup.HostConfig.deployDirectory Deploying web application directory [/home/likewise-open/ZOHOCORP/naran-3387/Documents/Labs/ZCode/tcp_proxy/tcp2https/apache-tomcat-8.5.23/webapps/host-manager]
07-Oct-2017 20:26:24.670 WARNING [localhost-startStop-1] org.apache.tomcat.util.descriptor.DigesterFactory.locationFor The XML schema [web-jsptaglibrary_1_1.dtd] could not be found. This is very likely to break XML validation if XML validation is enabled.
07-Oct-2017 20:26:24.671 WARNING [localhost-startStop-1] org.apache.tomcat.util.descriptor.DigesterFactory.locationFor The XML schema [web-jsptaglibrary_1_2.dtd] could not be found. This is very likely to break XML validation if XML validation is enabled.
07-Oct-2017 20:26:24.671 WARNING [localhost-startStop-1] org.apache.tomcat.util.descriptor.DigesterFactory.locationFor The XML schema [web-jsptaglibrary_2_0.xsd] could not be found. This is very likely to break XML validation if XML validation is enabled.
07-Oct-2017 20:26:24.671 WARNING [localhost-startStop-1] org.apache.tomcat.util.descriptor.DigesterFactory.locationFor The XML schema [jsp_2_0.xsd] could not be found. This is very likely to break XML validation if XML validation is enabled.
07-Oct-2017 20:26:24.672 WARNING [localhost-startStop-1] org.apache.tomcat.util.descriptor.DigesterFactory.locationFor The XML schema [web-jsptaglibrary_2_1.xsd] could not be found. This is very likely to break XML validation if XML validation is enabled.
07-Oct-2017 20:26:24.672 WARNING [localhost-startStop-1] org.apache.tomcat.util.descriptor.DigesterFactory.locationFor The XML schema [jsp_2_1.xsd] could not be found. This is very likely to break XML validation if XML validation is enabled.
07-Oct-2017 20:26:24.672 WARNING [localhost-startStop-1] org.apache.tomcat.util.descriptor.DigesterFactory.locationFor The XML schema [jsp_2_2.xsd] could not be found. This is very likely to break XML validation if XML validation is enabled.
07-Oct-2017 20:26:24.673 WARNING [localhost-startStop-1] org.apache.tomcat.util.descriptor.DigesterFactory.locationFor The XML schema [web-app_3_1.xsd] could not be found. This is very likely to break XML validation if XML validation is enabled.
07-Oct-2017 20:26:24.673 WARNING [localhost-startStop-1] org.apache.tomcat.util.descriptor.DigesterFactory.locationFor The XML schema [web-fragment_3_1.xsd] could not be found. This is very likely to break XML validation if XML validation is enabled.
07-Oct-2017 20:26:24.673 WARNING [localhost-startStop-1] org.apache.tomcat.util.descriptor.DigesterFactory.locationFor The XML schema [web-common_3_1.xsd] could not be found. This is very likely to break XML validation if XML validation is enabled.
07-Oct-2017 20:26:24.673 WARNING [localhost-startStop-1] org.apache.tomcat.util.descriptor.DigesterFactory.locationFor The XML schema [javaee_7.xsd] could not be found. This is very likely to break XML validation if XML validation is enabled.
07-Oct-2017 20:26:24.674 WARNING [localhost-startStop-1] org.apache.tomcat.util.descriptor.DigesterFactory.locationFor The XML schema [jsp_2_3.xsd] could not be found. This is very likely to break XML validation if XML validation is enabled.
07-Oct-2017 20:26:24.674 WARNING [localhost-startStop-1] org.apache.tomcat.util.descriptor.DigesterFactory.locationFor The XML schema [javaee_web_services_1_4.xsd] could not be found. This is very likely to break XML validation if XML validation is enabled.
07-Oct-2017 20:26:24.674 WARNING [localhost-startStop-1] org.apache.tomcat.util.descriptor.DigesterFactory.locationFor The XML schema [javaee_web_services_client_1_4.xsd] could not be found. This is very likely to break XML validation if XML validation is enabled.
07-Oct-2017 20:26:24.809 SEVERE [localhost-startStop-1] org.apache.catalina.core.ContainerBase.addChildInternal ContainerBase.addChild: start: 
 org.apache.catalina.LifecycleException: Failed to start component [StandardEngine[Catalina].StandardHost[localhost].StandardContext[/host-manager]]
	at org.apache.catalina.util.LifecycleBase.start(LifecycleBase.java:167)
	at org.apache.catalina.core.ContainerBase.addChildInternal(ContainerBase.java:752)
	at org.apache.catalina.core.ContainerBase.addChild(ContainerBase.java:728)
	at org.apache.catalina.core.StandardHost.addChild(StandardHost.java:734)
	at org.apache.catalina.startup.HostConfig.deployDirectory(HostConfig.java:1144)
	at org.apache.catalina.startup.HostConfig$DeployDirectory.run(HostConfig.java:1878)
	at java.util.concurrent.Executors$RunnableAdapter.call(Executors.java:511)
	at java.util.concurrent.FutureTask.run(FutureTask.java:266)
	at java.util.concurrent.ThreadPoolExecutor.runWorker(ThreadPoolExecutor.java:1142)
	at java.util.concurrent.ThreadPoolExecutor$Worker.run(ThreadPoolExecutor.java:617)
	at java.lang.Thread.run(Thread.java:745)
Caused by: org.apache.catalina.LifecycleException: Failed to start component [Pipeline[StandardEngine[Catalina].StandardHost[localhost].StandardContext[/host-manager]]]
	at org.apache.catalina.util.LifecycleBase.start(LifecycleBase.java:167)
	at org.apache.catalina.core.StandardContext.startInternal(StandardContext.java:5117)
	at org.apache.catalina.util.LifecycleBase.start(LifecycleBase.java:150)
	... 10 more
Caused by: org.apache.catalina.LifecycleException: Failed to start component [org.apache.catalina.authenticator.BasicAuthenticator[/host-manager]]
	at org.apache.catalina.util.LifecycleBase.start(LifecycleBase.java:167)
	at org.apache.catalina.core.StandardPipeline.startInternal(StandardPipeline.java:182)
	at org.apache.catalina.util.LifecycleBase.start(LifecycleBase.java:150)
	... 12 more
Caused by: java.lang.NoSuchMethodError: javax.servlet.ServletContext.getVirtualServerName()Ljava/lang/String;
	at org.apache.catalina.authenticator.AuthenticatorBase.startInternal(AuthenticatorBase.java:1141)
	at org.apache.catalina.util.LifecycleBase.start(LifecycleBase.java:150)
	... 14 more

07-Oct-2017 20:26:24.810 SEVERE [localhost-startStop-1] org.apache.catalina.startup.HostConfig.deployDirectory Error deploying web application directory [/home/likewise-open/ZOHOCORP/naran-3387/Documents/Labs/ZCode/tcp_proxy/tcp2https/apache-tomcat-8.5.23/webapps/host-manager]
 java.lang.IllegalStateException: ContainerBase.addChild: start: org.apache.catalina.LifecycleException: Failed to start component [StandardEngine[Catalina].StandardHost[localhost].StandardContext[/host-manager]]
	at org.apache.catalina.core.ContainerBase.addChildInternal(ContainerBase.java:756)
	at org.apache.catalina.core.ContainerBase.addChild(ContainerBase.java:728)
	at org.apache.catalina.core.StandardHost.addChild(StandardHost.java:734)
	at org.apache.catalina.startup.HostConfig.deployDirectory(HostConfig.java:1144)
	at org.apache.catalina.startup.HostConfig$DeployDirectory.run(HostConfig.java:1878)
	at java.util.concurrent.Executors$RunnableAdapter.call(Executors.java:511)
	at java.util.concurrent.FutureTask.run(FutureTask.java:266)
	at java.util.concurrent.ThreadPoolExecutor.runWorker(ThreadPoolExecutor.java:1142)
	at java.util.concurrent.ThreadPoolExecutor$Worker.run(ThreadPoolExecutor.java:617)
	at java.lang.Thread.run(Thread.java:745)

07-Oct-2017 20:26:24.816 INFO [localhost-startStop-1] org.apache.catalina.startup.HostConfig.deployDirectory Deployment of web application directory [/home/likewise-open/ZOHOCORP/naran-3387/Documents/Labs/ZCode/tcp_proxy/tcp2https/apache-tomcat-8.5.23/webapps/host-manager] has finished in [228] ms
07-Oct-2017 20:26:24.817 INFO [localhost-startStop-1] org.apache.catalina.startup.HostConfig.deployDirectory Deploying web application directory [/home/likewise-open/ZOHOCORP/naran-3387/Documents/Labs/ZCode/tcp_proxy/tcp2https/apache-tomcat-8.5.23/webapps/examples]
07-Oct-2017 20:26:24.949 SEVERE [localhost-startStop-1] org.apache.catalina.core.ContainerBase.addChildInternal ContainerBase.addChild: start: 
 org.apache.catalina.LifecycleException: Failed to start component [StandardEngine[Catalina].StandardHost[localhost].StandardContext[/examples]]
	at org.apache.catalina.util.LifecycleBase.start(LifecycleBase.java:167)
	at org.apache.catalina.core.ContainerBase.addChildInternal(ContainerBase.java:752)
	at org.apache.catalina.core.ContainerBase.addChild(ContainerBase.java:728)
	at org.apache.catalina.core.StandardHost.addChild(StandardHost.java:734)
	at org.apache.catalina.startup.HostConfig.deployDirectory(HostConfig.java:1144)
	at org.apache.catalina.startup.HostConfig$DeployDirectory.run(HostConfig.java:1878)
	at java.util.concurrent.Executors$RunnableAdapter.call(Executors.java:511)
	at java.util.concurrent.FutureTask.run(FutureTask.java:266)
	at java.util.concurrent.ThreadPoolExecutor.runWorker(ThreadPoolExecutor.java:1142)
	at java.util.concurrent.ThreadPoolExecutor$Worker.run(ThreadPoolExecutor.java:617)
	at java.lang.Thread.run(Thread.java:745)
Caused by: org.apache.catalina.LifecycleException: Failed to start component [Pipeline[StandardEngine[Catalina].StandardHost[localhost].StandardContext[/examples]]]
	at org.apache.catalina.util.LifecycleBase.start(LifecycleBase.java:167)
	at org.apache.catalina.core.StandardContext.startInternal(StandardContext.java:5117)
	at org.apache.catalina.util.LifecycleBase.start(LifecycleBase.java:150)
	... 10 more
Caused by: org.apache.catalina.LifecycleException: Failed to start component [org.apache.catalina.authenticator.FormAuthenticator[/examples]]
	at org.apache.catalina.util.LifecycleBase.start(LifecycleBase.java:167)
	at org.apache.catalina.core.StandardPipeline.startInternal(StandardPipeline.java:182)
	at org.apache.catalina.util.LifecycleBase.start(LifecycleBase.java:150)
	... 12 more
Caused by: java.lang.NoSuchMethodError: javax.servlet.ServletContext.getVirtualServerName()Ljava/lang/String;
	at org.apache.catalina.authenticator.AuthenticatorBase.startInternal(AuthenticatorBase.java:1141)
	at org.apache.catalina.util.LifecycleBase.start(LifecycleBase.java:150)
	... 14 more

07-Oct-2017 20:26:24.949 SEVERE [localhost-startStop-1] org.apache.catalina.startup.HostConfig.deployDirectory Error deploying web application directory [/home/likewise-open/ZOHOCORP/naran-3387/Documents/Labs/ZCode/tcp_proxy/tcp2https/apache-tomcat-8.5.23/webapps/examples]
 java.lang.IllegalStateException: ContainerBase.addChild: start: org.apache.catalina.LifecycleException: Failed to start component [StandardEngine[Catalina].StandardHost[localhost].StandardContext[/examples]]
	at org.apache.catalina.core.ContainerBase.addChildInternal(ContainerBase.java:756)
	at org.apache.catalina.core.ContainerBase.addChild(ContainerBase.java:728)
	at org.apache.catalina.core.StandardHost.addChild(StandardHost.java:734)
	at org.apache.catalina.startup.HostConfig.deployDirectory(HostConfig.java:1144)
	at org.apache.catalina.startup.HostConfig$DeployDirectory.run(HostConfig.java:1878)
	at java.util.concurrent.Executors$RunnableAdapter.call(Executors.java:511)
	at java.util.concurrent.FutureTask.run(FutureTask.java:266)
	at java.util.concurrent.ThreadPoolExecutor.runWorker(ThreadPoolExecutor.java:1142)
	at java.util.concurrent.ThreadPoolExecutor$Worker.run(ThreadPoolExecutor.java:617)
	at java.lang.Thread.run(Thread.java:745)

07-Oct-2017 20:26:24.950 INFO [localhost-startStop-1] org.apache.catalina.startup.HostConfig.deployDirectory Deployment of web application directory [/home/likewise-open/ZOHOCORP/naran-3387/Documents/Labs/ZCode/tcp_proxy/tcp2https/apache-tomcat-8.5.23/webapps/examples] has finished in [133] ms
07-Oct-2017 20:26:24.950 INFO [localhost-startStop-1] org.apache.catalina.startup.HostConfig.deployDirectory Deploying web application directory [/home/likewise-open/ZOHOCORP/naran-3387/Documents/Labs/ZCode/tcp_proxy/tcp2https/apache-tomcat-8.5.23/webapps/ROOT]
07-Oct-2017 20:26:25.028 INFO [localhost-startStop-1] org.apache.catalina.startup.HostConfig.deployDirectory Deployment of web application directory [/home/likewise-open/ZOHOCORP/naran-3387/Documents/Labs/ZCode/tcp_proxy/tcp2https/apache-tomcat-8.5.23/webapps/ROOT] has finished in [77] ms
07-Oct-2017 20:26:25.028 INFO [localhost-startStop-1] org.apache.catalina.startup.HostConfig.deployDirectory Deploying web application directory [/home/likewise-open/ZOHOCORP/naran-3387/Documents/Labs/ZCode/tcp_proxy/tcp2https/apache-tomcat-8.5.23/webapps/manager]
07-Oct-2017 20:26:25.043 SEVERE [localhost-startStop-1] org.apache.catalina.core.ContainerBase.addChildInternal ContainerBase.addChild: start: 
 org.apache.catalina.LifecycleException: Failed to start component [StandardEngine[Catalina].StandardHost[localhost].StandardContext[/manager]]
	at org.apache.catalina.util.LifecycleBase.start(LifecycleBase.java:167)
	at org.apache.catalina.core.ContainerBase.addChildInternal(ContainerBase.java:752)
	at org.apache.catalina.core.ContainerBase.addChild(ContainerBase.java:728)
	at org.apache.catalina.core.StandardHost.addChild(StandardHost.java:734)
	at org.apache.catalina.startup.HostConfig.deployDirectory(HostConfig.java:1144)
	at org.apache.catalina.startup.HostConfig$DeployDirectory.run(HostConfig.java:1878)
	at java.util.concurrent.Executors$RunnableAdapter.call(Executors.java:511)
	at java.util.concurrent.FutureTask.run(FutureTask.java:266)
	at java.util.concurrent.ThreadPoolExecutor.runWorker(ThreadPoolExecutor.java:1142)
	at java.util.concurrent.ThreadPoolExecutor$Worker.run(ThreadPoolExecutor.java:617)
	at java.lang.Thread.run(Thread.java:745)
Caused by: org.apache.catalina.LifecycleException: Failed to start component [Pipeline[StandardEngine[Catalina].StandardHost[localhost].StandardContext[/manager]]]
	at org.apache.catalina.util.LifecycleBase.start(LifecycleBase.java:167)
	at org.apache.catalina.core.StandardContext.startInternal(StandardContext.java:5117)
	at org.apache.catalina.util.LifecycleBase.start(LifecycleBase.java:150)
	... 10 more
Caused by: org.apache.catalina.LifecycleException: Failed to start component [org.apache.catalina.authenticator.BasicAuthenticator[/manager]]
	at org.apache.catalina.util.LifecycleBase.start(LifecycleBase.java:167)
	at org.apache.catalina.core.StandardPipeline.startInternal(StandardPipeline.java:182)
	at org.apache.catalina.util.LifecycleBase.start(LifecycleBase.java:150)
	... 12 more
Caused by: java.lang.NoSuchMethodError: javax.servlet.ServletContext.getVirtualServerName()Ljava/lang/String;
	at org.apache.catalina.authenticator.AuthenticatorBase.startInternal(AuthenticatorBase.java:1141)
	at org.apache.catalina.util.LifecycleBase.start(LifecycleBase.java:150)
	... 14 more

07-Oct-2017 20:26:25.043 SEVERE [localhost-startStop-1] org.apache.catalina.startup.HostConfig.deployDirectory Error deploying web application directory [/home/likewise-open/ZOHOCORP/naran-3387/Documents/Labs/ZCode/tcp_proxy/tcp2https/apache-tomcat-8.5.23/webapps/manager]
 java.lang.IllegalStateException: ContainerBase.addChild: start: org.apache.catalina.LifecycleException: Failed to start component [StandardEngine[Catalina].StandardHost[localhost].StandardContext[/manager]]
	at org.apache.catalina.core.ContainerBase.addChildInternal(ContainerBase.java:756)
	at org.apache.catalina.core.ContainerBase.addChild(ContainerBase.java:728)
	at org.apache.catalina.core.StandardHost.addChild(StandardHost.java:734)
	at org.apache.catalina.startup.HostConfig.deployDirectory(HostConfig.java:1144)
	at org.apache.catalina.startup.HostConfig$DeployDirectory.run(HostConfig.java:1878)
	at java.util.concurrent.Executors$RunnableAdapter.call(Executors.java:511)
	at java.util.concurrent.FutureTask.run(FutureTask.java:266)
	at java.util.concurrent.ThreadPoolExecutor.runWorker(ThreadPoolExecutor.java:1142)
	at java.util.concurrent.ThreadPoolExecutor$Worker.run(ThreadPoolExecutor.java:617)
	at java.lang.Thread.run(Thread.java:745)

07-Oct-2017 20:26:25.044 INFO [localhost-startStop-1] org.apache.catalina.startup.HostConfig.deployDirectory Deployment of web application directory [/home/likewise-open/ZOHOCORP/naran-3387/Documents/Labs/ZCode/tcp_proxy/tcp2https/apache-tomcat-8.5.23/webapps/manager] has finished in [16] ms
07-Oct-2017 20:26:25.044 INFO [localhost-startStop-1] org.apache.catalina.startup.HostConfig.deployDirectory Deploying web application directory [/home/likewise-open/ZOHOCORP/naran-3387/Documents/Labs/ZCode/tcp_proxy/tcp2https/apache-tomcat-8.5.23/webapps/docs]
07-Oct-2017 20:26:25.058 INFO [localhost-startStop-1] org.apache.catalina.startup.HostConfig.deployDirectory Deployment of web application directory [/home/likewise-open/ZOHOCORP/naran-3387/Documents/Labs/ZCode/tcp_proxy/tcp2https/apache-tomcat-8.5.23/webapps/docs] has finished in [14] ms
07-Oct-2017 20:26:25.060 INFO [main] org.apache.coyote.AbstractProtocol.start Starting ProtocolHandler ["http-nio-7777"]
07-Oct-2017 20:26:25.076 INFO [main] org.apache.coyote.AbstractProtocol.start Starting ProtocolHandler ["ajp-nio-8009"]
07-Oct-2017 20:26:25.077 INFO [main] org.apache.catalina.startup.Catalina.start Server startup in 526 ms
07-Oct-2017 20:27:01.449 INFO [http-nio-7777-exec-1] HTTP2TCPServlet.convertHttp2Tcp *********Starting the convertion (HTTP -> TCP) ***********
07-Oct-2017 20:27:01.455 INFO [http-nio-7777-exec-1] HTTP2TCPServlet.convertHttp2Tcp ********* Piping http req to socket req *********
07-Oct-2017 20:27:01.462 INFO [http-nio-7777-exec-1] HTTP2TCPServlet.convertHttp2Tcp ********* Piping socket res to http res *********
07-Oct-2017 20:27:03.284 INFO [http-nio-7777-exec-1] HTTP2TCPServlet.convertHttp2Tcp ********* Closing the resoureces *********
07-Oct-2017 20:27:59.226 INFO [http-nio-7777-exec-3] HTTP2TCPServlet.convertHttp2Tcp *********Starting the convertion (HTTP -> TCP) ***********
07-Oct-2017 20:27:59.227 INFO [http-nio-7777-exec-3] HTTP2TCPServlet.convertHttp2Tcp ********* Piping http req to socket req *********
07-Oct-2017 20:27:59.315 INFO [http-nio-7777-exec-3] HTTP2TCPServlet.convertHttp2Tcp ********* Piping socket res to http res *********
07-Oct-2017 20:28:25.500 INFO [http-nio-7777-exec-3] HTTP2TCPServlet.convertHttp2Tcp ********* Closing the resoureces *********
07-Oct-2017 20:34:18.448 INFO [http-nio-7777-exec-5] HTTP2TCPServlet.convertHttp2Tcp *********Starting the convertion (HTTP -> TCP) ***********
07-Oct-2017 20:34:18.449 INFO [http-nio-7777-exec-5] HTTP2TCPServlet.convertHttp2Tcp ********* Piping http req to socket req *********
07-Oct-2017 20:34:18.812 INFO [http-nio-7777-exec-5] HTTP2TCPServlet.convertHttp2Tcp ********* Piping socket res to http res *********
07-Oct-2017 20:34:21.002 INFO [http-nio-7777-exec-5] HTTP2TCPServlet.convertHttp2Tcp ********* Closing the resoureces *********
07-Oct-2017 23:33:54.218 INFO [Thread-5] org.apache.coyote.AbstractProtocol.pause Pausing ProtocolHandler ["http-nio-7777"]
07-Oct-2017 23:33:54.269 INFO [Thread-5] org.apache.coyote.AbstractProtocol.pause Pausing ProtocolHandler ["ajp-nio-8009"]
07-Oct-2017 23:33:54.320 INFO [Thread-5] org.apache.catalina.core.StandardService.stopInternal Stopping service [Catalina]
07-Oct-2017 23:33:54.331 INFO [Thread-5] org.apache.coyote.AbstractProtocol.stop Stopping ProtocolHandler ["http-nio-7777"]
07-Oct-2017 23:33:54.332 INFO [Thread-5] org.apache.coyote.AbstractProtocol.stop Stopping ProtocolHandler ["ajp-nio-8009"]
07-Oct-2017 23:33:54.334 INFO [Thread-5] org.apache.coyote.AbstractProtocol.destroy Destroying ProtocolHandler ["http-nio-7777"]
07-Oct-2017 23:33:54.334 INFO [Thread-5] org.apache.coyote.AbstractProtocol.destroy Destroying ProtocolHandler ["ajp-nio-8009"]
